Command line invocation:
    /Applications/Xcode.app/Contents/Developer/usr/bin/xcodebuild -scheme OPS -sdk iphonesimulator -destination "platform=iOS Simulator,name=iPhone 15" clean build

Build settings from command line:
    SDKROOT = iphonesimulator26.0

2025-11-13 00:04:29.896 xcodebuild[51374:7004146]  DVTDeviceOperation: Encountered a build number "" that is incompatible with DVTBuildVersion.
2025-11-13 00:04:29.963 xcodebuild[51374:7004106] [MT] DVTDeviceOperation: Encountered a build number "" that is incompatible with DVTBuildVersion.
Resolve Package Graph


Resolved source packages:
  Promises: https://github.com/google/promises.git @ 2.4.0
  GoogleSignIn: https://github.com/google/GoogleSignIn-iOS @ 8.0.0
  AppCheck: https://github.com/google/app-check.git @ 11.2.0
  GTMSessionFetcher: https://github.com/google/gtm-session-fetcher.git @ 3.5.0
  GTMAppAuth: https://github.com/google/GTMAppAuth.git @ 4.1.1
  AppAuth: https://github.com/openid/AppAuth-iOS.git @ 1.7.6
  Stripe: https://github.com/stripe/stripe-ios @ 24.23.1
  GoogleUtilities: https://github.com/google/GoogleUtilities.git @ 8.1.0

2025-11-13 00:05:31.320 xcodebuild[51374:7004106] Writing error result bundle to /var/folders/1p/n_mgh51n5ts8sdqddby432rh0000gn/T/ResultBundle_2025-13-11_00-05-0031.xcresult
xcodebuild: error: Unable to find a device matching the provided destination specifier:
		{ platform:iOS Simulator, OS:latest, name:iPhone 15 }

	The requested device could not be found because no available devices matched the request.

	Available destinations for the "OPS" scheme:
		{ platform:iOS, arch:arm64, id:00008140-00060D840286801C, name:jPhone }
		{ platform:iOS, id:dvtdevice-DVTiPhonePlaceholder-iphoneos:placeholder, name:Any iOS Device }
		{ platform:iOS Simulator, id:dvtdevice-DVTiOSDeviceSimulatorPlaceholder-iphonesimulator:placeholder, name:Any iOS Simulator Device }
		{ platform:iOS Simulator, arch:arm64, id:6DAD15E2-8243-45EB-B911-B929F482BDF6, OS:18.3.1, name:iPad (10th generation) }
		{ platform:iOS Simulator, arch:x86_64, id:6DAD15E2-8243-45EB-B911-B929F482BDF6, OS:18.3.1, name:iPad (10th generation) }
		{ platform:iOS Simulator, arch:arm64, id:A9107E6A-7327-461D-BFE1-773AB797ABAD, OS:18.3.1, name:iPad (A16) }
		{ platform:iOS Simulator, arch:x86_64, id:A9107E6A-7327-461D-BFE1-773AB797ABAD, OS:18.3.1, name:iPad (A16) }
		{ platform:iOS Simulator, arch:arm64, id:5E823D5F-1435-49D4-9607-CB3E9069B65A, OS:26.0.1, name:iPad (A16) }
		{ platform:iOS Simulator, arch:arm64, id:23E1F4E4-4689-45A3-BACE-93E9BE2C17AB, OS:18.3.1, name:iPad Air 11-inch (M2) }
		{ platform:iOS Simulator, arch:x86_64, id:23E1F4E4-4689-45A3-BACE-93E9BE2C17AB, OS:18.3.1, name:iPad Air 11-inch (M2) }
		{ platform:iOS Simulator, arch:arm64, id:07C37AA7-02BB-4203-B9A4-A521157DAEF2, OS:18.3.1, name:iPad Air 11-inch (M3) }
		{ platform:iOS Simulator, arch:x86_64, id:07C37AA7-02BB-4203-B9A4-A521157DAEF2, OS:18.3.1, name:iPad Air 11-inch (M3) }
		{ platform:iOS Simulator, arch:arm64, id:C39C1C9F-AD1D-40D9-8052-11785BEE5B4B, OS:26.0.1, name:iPad Air 11-inch (M3) }
		{ platform:iOS Simulator, arch:arm64, id:00D72C27-7C47-4B83-93B0-AC3C0A70FF4C, OS:18.3.1, name:iPad Air 13-inch (M2) }
		{ platform:iOS Simulator, arch:x86_64, id:00D72C27-7C47-4B83-93B0-AC3C0A70FF4C, OS:18.3.1, name:iPad Air 13-inch (M2) }
		{ platform:iOS Simulator, arch:arm64, id:B75E0AE2-DF04-47CE-8705-7EC601AF283E, OS:18.3.1, name:iPad Air 13-inch (M3) }
		{ platform:iOS Simulator, arch:x86_64, id:B75E0AE2-DF04-47CE-8705-7EC601AF283E, OS:18.3.1, name:iPad Air 13-inch (M3) }
		{ platform:iOS Simulator, arch:arm64, id:B6E055AD-A2C4-4892-99A3-BBD0AB4A6107, OS:26.0.1, name:iPad Air 13-inch (M3) }
		{ platform:iOS Simulator, arch:arm64, id:04A8318A-26F2-4177-A4F0-8309BC56F97A, OS:18.3.1, name:iPad Pro 11-inch (M4) }
		{ platform:iOS Simulator, arch:x86_64, id:04A8318A-26F2-4177-A4F0-8309BC56F97A, OS:18.3.1, name:iPad Pro 11-inch (M4) }
		{ platform:iOS Simulator, arch:arm64, id:3B391D56-76CF-4D74-B3C9-0C0497D049FF, OS:26.0.1, name:iPad Pro 11-inch (M4) }
		{ platform:iOS Simulator, arch:arm64, id:5C3CA33F-F8B9-471F-A6D9-C5187E5C8EDE, OS:18.3.1, name:iPad Pro 13-inch (M4) }
		{ platform:iOS Simulator, arch:x86_64, id:5C3CA33F-F8B9-471F-A6D9-C5187E5C8EDE, OS:18.3.1, name:iPad Pro 13-inch (M4) }
		{ platform:iOS Simulator, arch:arm64, id:1B78B2F1-C818-4170-9C40-999AFC0DD321, OS:26.0.1, name:iPad Pro 13-inch (M4) }
		{ platform:iOS Simulator, arch:arm64, id:1B056885-8616-4769-A5C7-9ACD23E89A6D, OS:18.3.1, name:iPad mini (A17 Pro) }
		{ platform:iOS Simulator, arch:x86_64, id:1B056885-8616-4769-A5C7-9ACD23E89A6D, OS:18.3.1, name:iPad mini (A17 Pro) }
		{ platform:iOS Simulator, arch:arm64, id:4D9D3486-87A5-47D4-AF0A-30996EF4566F, OS:26.0.1, name:iPad mini (A17 Pro) }
		{ platform:iOS Simulator, arch:arm64, id:1DEAA998-DC9A-4C25-9946-48C8D48C08FA, OS:18.3.1, name:iPhone 16 }
		{ platform:iOS Simulator, arch:x86_64, id:1DEAA998-DC9A-4C25-9946-48C8D48C08FA, OS:18.3.1, name:iPhone 16 }
		{ platform:iOS Simulator, arch:arm64, id:91A8B8EB-2D14-4846-9A48-BD9681E75E59, OS:18.3.1, name:iPhone 16 Plus }
		{ platform:iOS Simulator, arch:x86_64, id:91A8B8EB-2D14-4846-9A48-BD9681E75E59, OS:18.3.1, name:iPhone 16 Plus }
		{ platform:iOS Simulator, arch:arm64, id:8DD46212-3457-40EA-8C5C-9EAB0B5512CD, OS:18.3.1, name:iPhone 16 Pro }
		{ platform:iOS Simulator, arch:x86_64, id:8DD46212-3457-40EA-8C5C-9EAB0B5512CD, OS:18.3.1, name:iPhone 16 Pro }
		{ platform:iOS Simulator, arch:arm64, id:0F4967B6-9C1B-4496-84AB-31600AA0F5BB, OS:26.0.1, name:iPhone 16 Pro }
		{ platform:iOS Simulator, arch:arm64, id:2B11B4D9-B00E-4BFC-94D0-909243754F11, OS:18.3.1, name:iPhone 16 Pro Max }
		{ platform:iOS Simulator, arch:x86_64, id:2B11B4D9-B00E-4BFC-94D0-909243754F11, OS:18.3.1, name:iPhone 16 Pro Max }
		{ platform:iOS Simulator, arch:arm64, id:5286FEE4-9D77-4804-8FBC-C319235C898E, OS:18.3.1, name:iPhone 16e }
		{ platform:iOS Simulator, arch:x86_64, id:5286FEE4-9D77-4804-8FBC-C319235C898E, OS:18.3.1, name:iPhone 16e }
		{ platform:iOS Simulator, arch:arm64, id:36DEA885-2074-4BD9-B964-20EA0497F0FD, OS:26.0.1, name:iPhone 16e }
		{ platform:iOS Simulator, arch:arm64, id:712F0D3C-7759-4195-B176-D98E9A70B893, OS:26.0.1, name:iPhone 17 }
		{ platform:iOS Simulator, arch:arm64, id:F08F340B-6662-4C3E-9D51-0154FE170599, OS:26.0.1, name:iPhone 17 Pro }
		{ platform:iOS Simulator, arch:arm64, id:5749FB05-CBDD-488B-9D98-6F8DB1191684, OS:26.0.1, name:iPhone 17 Pro Max }
		{ platform:iOS Simulator, arch:arm64, id:AB4941B8-E203-4C72-8483-958B8A020115, OS:26.0.1, name:iPhone Air }
		{ platform:iOS Simulator, arch:arm64, id:70DC0045-9B7F-4D07-AE45-E0510EF04C19, OS:18.3.1, name:iPhone SE (3rd generation) }
		{ platform:iOS Simulator, arch:x86_64, id:70DC0045-9B7F-4D07-AE45-E0510EF04C19, OS:18.3.1, name:iPhone SE (3rd generation) }
