Command line invocation:
    /Applications/Xcode.app/Contents/Developer/usr/bin/xcodebuild -scheme OPS -sdk iphonesimulator -destination "platform=iOS Simulator,name=iPhone 16 Pro" build

Build settings from command line:
    SDKROOT = iphonesimulator26.0

2025-11-13 00:05:46.702 xcodebuild[51691:7005653]  DVTDeviceOperation: Encountered a build number "" that is incompatible with DVTBuildVersion.
2025-11-13 00:05:46.769 xcodebuild[51691:7005572] [MT] DVTDeviceOperation: Encountered a build number "" that is incompatible with DVTBuildVersion.
Resolve Package Graph


Resolved source packages:
  AppCheck: https://github.com/google/app-check.git @ 11.2.0
  GTMAppAuth: https://github.com/google/GTMAppAuth.git @ 4.1.1
  Stripe: https://github.com/stripe/stripe-ios @ 24.23.1
  GTMSessionFetcher: https://github.com/google/gtm-session-fetcher.git @ 3.5.0
  GoogleUtilities: https://github.com/google/GoogleUtilities.git @ 8.1.0
  Promises: https://github.com/google/promises.git @ 2.4.0
  GoogleSignIn: https://github.com/google/GoogleSignIn-iOS @ 8.0.0
  AppAuth: https://github.com/openid/AppAuth-iOS.git @ 1.7.6

ComputePackagePrebuildTargetDependencyGraph

Prepare packages

CreateBuildRequest

SendProjectDescription

CreateBuildOperation

ComputeTargetDependencyGraph
note: Building targets in dependency order
note: Target dependency graph (66 targets)
    Target 'OPS' in project 'OPS'
        ➜ Explicit dependency on target 'StripePayments' in project 'Stripe'
        ➜ Explicit dependency on target 'GoogleSignIn' in project 'GoogleSignIn'
        ➜ Explicit dependency on target 'StripeApplePay' in project 'Stripe'
        ➜ Explicit dependency on target 'StripePaymentsUI' in project 'Stripe'
        ➜ Explicit dependency on target 'GoogleSignInSwift' in project 'GoogleSignIn'
        ➜ Explicit dependency on target 'StripeFinancialConnections' in project 'Stripe'
        ➜ Explicit dependency on target 'StripeCardScan' in project 'Stripe'
        ➜ Explicit dependency on target 'StripeConnect' in project 'Stripe'
        ➜ Explicit dependency on target 'Stripe' in project 'Stripe'
        ➜ Explicit dependency on target 'StripePaymentSheet' in project 'Stripe'
        ➜ Explicit dependency on target 'StripeIdentity' in project 'Stripe'
    Target 'StripeIdentity' in project 'Stripe'
        ➜ Explicit dependency on target 'StripeIdentity' in project 'Stripe'
        ➜ Explicit dependency on target 'Stripe_StripeIdentity' in project 'Stripe'
        ➜ Explicit dependency on target 'StripeCore' in project 'Stripe'
        ➜ Explicit dependency on target 'StripeUICore' in project 'Stripe'
        ➜ Explicit dependency on target 'StripeCameraCore' in project 'Stripe'
    Target 'StripeIdentity' in project 'Stripe'
        ➜ Explicit dependency on target 'Stripe_StripeIdentity' in project 'Stripe'
        ➜ Explicit dependency on target 'StripeCore' in project 'Stripe'
        ➜ Explicit dependency on target 'StripeUICore' in project 'Stripe'
        ➜ Explicit dependency on target 'StripeCameraCore' in project 'Stripe'
    Target 'StripeCameraCore' in project 'Stripe'
        ➜ Explicit dependency on target 'StripeCore' in project 'Stripe'
    Target 'Stripe_StripeIdentity' in project 'Stripe' (no dependencies)
    Target 'StripePaymentSheet' in project 'Stripe'
        ➜ Explicit dependency on target 'StripePaymentSheet' in project 'Stripe'
        ➜ Explicit dependency on target 'Stripe_StripePaymentSheet' in project 'Stripe'
        ➜ Explicit dependency on target 'StripeCore' in project 'Stripe'
        ➜ Explicit dependency on target 'Stripe3DS2' in project 'Stripe'
        ➜ Explicit dependency on target 'StripePayments' in project 'Stripe'
        ➜ Explicit dependency on target 'StripeUICore' in project 'Stripe'
        ➜ Explicit dependency on target 'StripePaymentsUI' in project 'Stripe'
        ➜ Explicit dependency on target 'StripeApplePay' in project 'Stripe'
    Target 'StripePaymentSheet' in project 'Stripe'
        ➜ Explicit dependency on target 'Stripe_StripePaymentSheet' in project 'Stripe'
        ➜ Explicit dependency on target 'StripeCore' in project 'Stripe'
        ➜ Explicit dependency on target 'Stripe3DS2' in project 'Stripe'
        ➜ Explicit dependency on target 'StripePayments' in project 'Stripe'
        ➜ Explicit dependency on target 'StripeUICore' in project 'Stripe'
        ➜ Explicit dependency on target 'StripePaymentsUI' in project 'Stripe'
        ➜ Explicit dependency on target 'StripeApplePay' in project 'Stripe'
    Target 'Stripe_StripePaymentSheet' in project 'Stripe' (no dependencies)
    Target 'Stripe' in project 'Stripe'
        ➜ Explicit dependency on target 'Stripe' in project 'Stripe'
        ➜ Explicit dependency on target 'Stripe_Stripe' in project 'Stripe'
        ➜ Explicit dependency on target 'Stripe3DS2' in project 'Stripe'
        ➜ Explicit dependency on target 'StripeCore' in project 'Stripe'
        ➜ Explicit dependency on target 'StripeApplePay' in project 'Stripe'
        ➜ Explicit dependency on target 'StripeUICore' in project 'Stripe'
        ➜ Explicit dependency on target 'StripePayments' in project 'Stripe'
        ➜ Explicit dependency on target 'StripePaymentsUI' in project 'Stripe'
    Target 'Stripe' in project 'Stripe'
        ➜ Explicit dependency on target 'Stripe_Stripe' in project 'Stripe'
        ➜ Explicit dependency on target 'Stripe3DS2' in project 'Stripe'
        ➜ Explicit dependency on target 'StripeCore' in project 'Stripe'
        ➜ Explicit dependency on target 'StripeApplePay' in project 'Stripe'
        ➜ Explicit dependency on target 'StripeUICore' in project 'Stripe'
        ➜ Explicit dependency on target 'StripePayments' in project 'Stripe'
        ➜ Explicit dependency on target 'StripePaymentsUI' in project 'Stripe'
    Target 'Stripe_Stripe' in project 'Stripe' (no dependencies)
    Target 'StripeConnect' in project 'Stripe'
        ➜ Explicit dependency on target 'StripeConnect' in project 'Stripe'
        ➜ Explicit dependency on target 'Stripe_StripeConnect' in project 'Stripe'
        ➜ Explicit dependency on target 'StripeCore' in project 'Stripe'
        ➜ Explicit dependency on target 'StripeUICore' in project 'Stripe'
        ➜ Explicit dependency on target 'StripeFinancialConnections' in project 'Stripe'
    Target 'StripeConnect' in project 'Stripe'
        ➜ Explicit dependency on target 'Stripe_StripeConnect' in project 'Stripe'
        ➜ Explicit dependency on target 'StripeCore' in project 'Stripe'
        ➜ Explicit dependency on target 'StripeUICore' in project 'Stripe'
        ➜ Explicit dependency on target 'StripeFinancialConnections' in project 'Stripe'
    Target 'Stripe_StripeConnect' in project 'Stripe' (no dependencies)
    Target 'StripeCardScan' in project 'Stripe'
        ➜ Explicit dependency on target 'StripeCardScan' in project 'Stripe'
        ➜ Explicit dependency on target 'Stripe_StripeCardScan' in project 'Stripe'
        ➜ Explicit dependency on target 'StripeCore' in project 'Stripe'
    Target 'StripeCardScan' in project 'Stripe'
        ➜ Explicit dependency on target 'Stripe_StripeCardScan' in project 'Stripe'
        ➜ Explicit dependency on target 'StripeCore' in project 'Stripe'
    Target 'Stripe_StripeCardScan' in project 'Stripe' (no dependencies)
    Target 'StripeFinancialConnections' in project 'Stripe'
        ➜ Explicit dependency on target 'StripeFinancialConnections' in project 'Stripe'
        ➜ Explicit dependency on target 'Stripe_StripeFinancialConnections' in project 'Stripe'
        ➜ Explicit dependency on target 'StripeCore' in project 'Stripe'
        ➜ Explicit dependency on target 'StripeUICore' in project 'Stripe'
    Target 'StripeFinancialConnections' in project 'Stripe'
        ➜ Explicit dependency on target 'Stripe_StripeFinancialConnections' in project 'Stripe'
        ➜ Explicit dependency on target 'StripeCore' in project 'Stripe'
        ➜ Explicit dependency on target 'StripeUICore' in project 'Stripe'
    Target 'Stripe_StripeFinancialConnections' in project 'Stripe' (no dependencies)
    Target 'GoogleSignInSwift' in project 'GoogleSignIn'
        ➜ Explicit dependency on target 'GoogleSignInSwift' in project 'GoogleSignIn'
        ➜ Explicit dependency on target 'GoogleSignIn_GoogleSignInSwift' in project 'GoogleSignIn'
        ➜ Explicit dependency on target 'GoogleSignIn' in project 'GoogleSignIn'
        ➜ Explicit dependency on target 'AppAuth' in project 'AppAuth'
        ➜ Explicit dependency on target 'AppCheckCore' in project 'AppCheck'
        ➜ Explicit dependency on target 'GTMAppAuth' in project 'GTMAppAuth'
        ➜ Explicit dependency on target 'GTMSessionFetcherCore' in project 'GTMSessionFetcher'
    Target 'GoogleSignInSwift' in project 'GoogleSignIn'
        ➜ Explicit dependency on target 'GoogleSignIn_GoogleSignInSwift' in project 'GoogleSignIn'
        ➜ Explicit dependency on target 'GoogleSignIn' in project 'GoogleSignIn'
        ➜ Explicit dependency on target 'AppAuth' in project 'AppAuth'
        ➜ Explicit dependency on target 'AppCheckCore' in project 'AppCheck'
        ➜ Explicit dependency on target 'GTMAppAuth' in project 'GTMAppAuth'
        ➜ Explicit dependency on target 'GTMSessionFetcherCore' in project 'GTMSessionFetcher'
    Target 'GoogleSignIn_GoogleSignInSwift' in project 'GoogleSignIn' (no dependencies)
    Target 'StripePaymentsUI' in project 'Stripe'
        ➜ Explicit dependency on target 'StripePaymentsUI' in project 'Stripe'
        ➜ Explicit dependency on target 'Stripe_StripePaymentsUI' in project 'Stripe'
        ➜ Explicit dependency on target 'StripeCore' in project 'Stripe'
        ➜ Explicit dependency on target 'Stripe3DS2' in project 'Stripe'
        ➜ Explicit dependency on target 'StripePayments' in project 'Stripe'
        ➜ Explicit dependency on target 'StripeUICore' in project 'Stripe'
    Target 'StripePaymentsUI' in project 'Stripe'
        ➜ Explicit dependency on target 'Stripe_StripePaymentsUI' in project 'Stripe'
        ➜ Explicit dependency on target 'StripeCore' in project 'Stripe'
        ➜ Explicit dependency on target 'Stripe3DS2' in project 'Stripe'
        ➜ Explicit dependency on target 'StripePayments' in project 'Stripe'
        ➜ Explicit dependency on target 'StripeUICore' in project 'Stripe'
    Target 'StripeUICore' in project 'Stripe'
        ➜ Explicit dependency on target 'Stripe_StripeUICore' in project 'Stripe'
        ➜ Explicit dependency on target 'StripeCore' in project 'Stripe'
    Target 'Stripe_StripeUICore' in project 'Stripe' (no dependencies)
    Target 'Stripe_StripePaymentsUI' in project 'Stripe' (no dependencies)
    Target 'StripeApplePay' in project 'Stripe'
        ➜ Explicit dependency on target 'StripeApplePay' in project 'Stripe'
        ➜ Explicit dependency on target 'StripeCore' in project 'Stripe'
    Target 'StripeApplePay' in project 'Stripe'
        ➜ Explicit dependency on target 'StripeCore' in project 'Stripe'
    Target 'GoogleSignIn' in project 'GoogleSignIn'
        ➜ Explicit dependency on target 'GoogleSignIn' in project 'GoogleSignIn'
        ➜ Explicit dependency on target 'GoogleSignIn_GoogleSignIn' in project 'GoogleSignIn'
        ➜ Explicit dependency on target 'AppAuth' in project 'AppAuth'
        ➜ Explicit dependency on target 'AppCheckCore' in project 'AppCheck'
        ➜ Explicit dependency on target 'GTMAppAuth' in project 'GTMAppAuth'
        ➜ Explicit dependency on target 'GTMSessionFetcherCore' in project 'GTMSessionFetcher'
    Target 'GoogleSignIn' in project 'GoogleSignIn'
        ➜ Explicit dependency on target 'GoogleSignIn_GoogleSignIn' in project 'GoogleSignIn'
        ➜ Explicit dependency on target 'AppAuth' in project 'AppAuth'
        ➜ Explicit dependency on target 'AppCheckCore' in project 'AppCheck'
        ➜ Explicit dependency on target 'GTMAppAuth' in project 'GTMAppAuth'
        ➜ Explicit dependency on target 'GTMSessionFetcherCore' in project 'GTMSessionFetcher'
    Target 'GTMAppAuth' in project 'GTMAppAuth'
        ➜ Explicit dependency on target 'GTMAppAuth' in project 'GTMAppAuth'
        ➜ Explicit dependency on target 'GTMAppAuth_GTMAppAuth' in project 'GTMAppAuth'
        ➜ Explicit dependency on target 'GTMSessionFetcherCore' in project 'GTMSessionFetcher'
        ➜ Explicit dependency on target 'AppAuthCore' in project 'AppAuth'
    Target 'GTMAppAuth' in project 'GTMAppAuth'
        ➜ Explicit dependency on target 'GTMAppAuth_GTMAppAuth' in project 'GTMAppAuth'
        ➜ Explicit dependency on target 'GTMSessionFetcherCore' in project 'GTMSessionFetcher'
        ➜ Explicit dependency on target 'AppAuthCore' in project 'AppAuth'
    Target 'AppAuthCore' in project 'AppAuth'
        ➜ Explicit dependency on target 'AppAuthCore' in project 'AppAuth'
        ➜ Explicit dependency on target 'AppAuth_AppAuthCore' in project 'AppAuth'
    Target 'GTMSessionFetcherCore' in project 'GTMSessionFetcher'
        ➜ Explicit dependency on target 'GTMSessionFetcherCore' in project 'GTMSessionFetcher'
        ➜ Explicit dependency on target 'GTMSessionFetcher_GTMSessionFetcherCore' in project 'GTMSessionFetcher'
    Target 'GTMSessionFetcherCore' in project 'GTMSessionFetcher'
        ➜ Explicit dependency on target 'GTMSessionFetcher_GTMSessionFetcherCore' in project 'GTMSessionFetcher'
    Target 'GTMSessionFetcher_GTMSessionFetcherCore' in project 'GTMSessionFetcher' (no dependencies)
    Target 'GTMAppAuth_GTMAppAuth' in project 'GTMAppAuth' (no dependencies)
    Target 'AppCheckCore' in project 'AppCheck'
        ➜ Explicit dependency on target 'AppCheckCore' in project 'AppCheck'
        ➜ Explicit dependency on target 'FBLPromises' in project 'Promises'
        ➜ Explicit dependency on target 'GULEnvironment' in project 'GoogleUtilities'
        ➜ Explicit dependency on target 'GULUserDefaults' in project 'GoogleUtilities'
    Target 'AppCheckCore' in project 'AppCheck'
        ➜ Explicit dependency on target 'FBLPromises' in project 'Promises'
        ➜ Explicit dependency on target 'GULEnvironment' in project 'GoogleUtilities'
        ➜ Explicit dependency on target 'GULUserDefaults' in project 'GoogleUtilities'
    Target 'GULUserDefaults' in project 'GoogleUtilities'
        ➜ Explicit dependency on target 'GoogleUtilities-UserDefaults' in project 'GoogleUtilities'
        ➜ Explicit dependency on target 'GoogleUtilities_GoogleUtilities-UserDefaults' in project 'GoogleUtilities'
        ➜ Explicit dependency on target 'third-party-IsAppEncrypted' in project 'GoogleUtilities'
        ➜ Explicit dependency on target 'GoogleUtilities-Environment' in project 'GoogleUtilities'
        ➜ Explicit dependency on target 'GoogleUtilities-Logger' in project 'GoogleUtilities'
    Target 'GoogleUtilities-UserDefaults' in project 'GoogleUtilities'
        ➜ Explicit dependency on target 'GoogleUtilities_GoogleUtilities-UserDefaults' in project 'GoogleUtilities'
        ➜ Explicit dependency on target 'third-party-IsAppEncrypted' in project 'GoogleUtilities'
        ➜ Explicit dependency on target 'GoogleUtilities-Environment' in project 'GoogleUtilities'
        ➜ Explicit dependency on target 'GoogleUtilities-Logger' in project 'GoogleUtilities'
    Target 'GoogleUtilities-Logger' in project 'GoogleUtilities'
        ➜ Explicit dependency on target 'GoogleUtilities_GoogleUtilities-Logger' in project 'GoogleUtilities'
        ➜ Explicit dependency on target 'third-party-IsAppEncrypted' in project 'GoogleUtilities'
        ➜ Explicit dependency on target 'GoogleUtilities-Environment' in project 'GoogleUtilities'
    Target 'GoogleUtilities_GoogleUtilities-Logger' in project 'GoogleUtilities' (no dependencies)
    Target 'GoogleUtilities_GoogleUtilities-UserDefaults' in project 'GoogleUtilities' (no dependencies)
    Target 'GULEnvironment' in project 'GoogleUtilities'
        ➜ Explicit dependency on target 'GoogleUtilities-Environment' in project 'GoogleUtilities'
        ➜ Explicit dependency on target 'GoogleUtilities_GoogleUtilities-Environment' in project 'GoogleUtilities'
        ➜ Explicit dependency on target 'third-party-IsAppEncrypted' in project 'GoogleUtilities'
    Target 'GoogleUtilities-Environment' in project 'GoogleUtilities'
        ➜ Explicit dependency on target 'GoogleUtilities_GoogleUtilities-Environment' in project 'GoogleUtilities'
        ➜ Explicit dependency on target 'third-party-IsAppEncrypted' in project 'GoogleUtilities'
    Target 'third-party-IsAppEncrypted' in project 'GoogleUtilities' (no dependencies)
    Target 'GoogleUtilities_GoogleUtilities-Environment' in project 'GoogleUtilities' (no dependencies)
    Target 'FBLPromises' in project 'Promises'
        ➜ Explicit dependency on target 'FBLPromises' in project 'Promises'
        ➜ Explicit dependency on target 'Promises_FBLPromises' in project 'Promises'
    Target 'FBLPromises' in project 'Promises'
        ➜ Explicit dependency on target 'Promises_FBLPromises' in project 'Promises'
    Target 'Promises_FBLPromises' in project 'Promises' (no dependencies)
    Target 'AppAuth' in project 'AppAuth'
        ➜ Explicit dependency on target 'AppAuth' in project 'AppAuth'
        ➜ Explicit dependency on target 'AppAuth_AppAuth' in project 'AppAuth'
        ➜ Explicit dependency on target 'AppAuthCore' in project 'AppAuth'
    Target 'AppAuth' in project 'AppAuth'
        ➜ Explicit dependency on target 'AppAuth_AppAuth' in project 'AppAuth'
        ➜ Explicit dependency on target 'AppAuthCore' in project 'AppAuth'
    Target 'AppAuthCore' in project 'AppAuth'
        ➜ Explicit dependency on target 'AppAuth_AppAuthCore' in project 'AppAuth'
    Target 'AppAuth_AppAuthCore' in project 'AppAuth' (no dependencies)
    Target 'AppAuth_AppAuth' in project 'AppAuth' (no dependencies)
    Target 'GoogleSignIn_GoogleSignIn' in project 'GoogleSignIn' (no dependencies)
    Target 'StripePayments' in project 'Stripe'
        ➜ Explicit dependency on target 'StripePayments' in project 'Stripe'
        ➜ Explicit dependency on target 'Stripe_StripePayments' in project 'Stripe'
        ➜ Explicit dependency on target 'StripeCore' in project 'Stripe'
        ➜ Explicit dependency on target 'Stripe3DS2' in project 'Stripe'
    Target 'StripePayments' in project 'Stripe'
        ➜ Explicit dependency on target 'Stripe_StripePayments' in project 'Stripe'
        ➜ Explicit dependency on target 'StripeCore' in project 'Stripe'
        ➜ Explicit dependency on target 'Stripe3DS2' in project 'Stripe'
    Target 'Stripe3DS2' in project 'Stripe'
        ➜ Explicit dependency on target 'Stripe_Stripe3DS2' in project 'Stripe'
    Target 'Stripe_Stripe3DS2' in project 'Stripe' (no dependencies)
    Target 'StripeCore' in project 'Stripe'
        ➜ Explicit dependency on target 'Stripe_StripeCore' in project 'Stripe'
    Target 'Stripe_StripeCore' in project 'Stripe' (no dependencies)
    Target 'Stripe_StripePayments' in project 'Stripe' (no dependencies)

GatherProvisioningInputs

CreateBuildDescription

ExecuteExternalTool /Applications/Xcode.app/Contents/Developer/Toolchains/XcodeDefault.xctoolchain/usr/bin/swiftc --version

ExecuteExternalTool /Applications/Xcode.app/Contents/Developer/Toolchains/XcodeDefault.xctoolchain/usr/bin/clang -v -E -dM -arch arm64 -isysroot /Applications/Xcode.app/Contents/Developer/Platforms/iPhoneSimulator.platform/Developer/SDKs/iPhoneSimulator26.0.sdk -x objective-c -c /dev/null

ExecuteExternalTool /Applications/Xcode.app/Contents/Developer/usr/bin/actool --version --output-format xml1

ExecuteExternalTool /Applications/Xcode.app/Contents/Developer/Toolchains/XcodeDefault.xctoolchain/usr/bin/clang -v -E -dM -isysroot /Applications/Xcode.app/Contents/Developer/Platforms/iPhoneSimulator.platform/Developer/SDKs/iPhoneSimulator26.0.sdk -x c -c /dev/null

ExecuteExternalTool /Applications/Xcode.app/Contents/Developer/usr/bin/ibtool --version --output-format xml1

ExecuteExternalTool /Applications/Xcode.app/Contents/Developer/usr/bin/actool --print-asset-tag-combinations --output-format xml1 /Users/jacksonsweet/Desktop/OPS APP/OPS/OPS/Preview Content/Preview Assets.xcassets /Users/jacksonsweet/Desktop/OPS APP/OPS/OPS/Assets.xcassets

ExecuteExternalTool /Applications/Xcode.app/Contents/Developer/Toolchains/XcodeDefault.xctoolchain/usr/bin/clang -v -E -dM -arch arm64 -isysroot /Applications/Xcode.app/Contents/Developer/Platforms/iPhoneSimulator.platform/Developer/SDKs/iPhoneSimulator26.0.sdk -x c -c /dev/null

ExecuteExternalTool /Applications/Xcode.app/Contents/Developer/Toolchains/XcodeDefault.xctoolchain/usr/bin/ld -version_details

ReadFileContents /Applications/Xcode.app/Contents/Developer/Toolchains/XcodeDefault.xctoolchain/usr/share/docc/features.json

Build description signature: 52e1cf09ea8f6b24d885fb5d5cf62ab5
Build description path: /Users/jacksonsweet/Library/Developer/Xcode/DerivedData/OPS-czavgtmnvamasvcjgszzuulfcsxj/Build/Intermediates.noindex/XCBuildData/52e1cf09ea8f6b24d885fb5d5cf62ab5.xcbuilddata
ClangStatCache /Applications/Xcode.app/Contents/Developer/Toolchains/XcodeDefault.xctoolchain/usr/bin/clang-stat-cache /Applications/Xcode.app/Contents/Developer/Platforms/iPhoneSimulator.platform/Developer/SDKs/iPhoneSimulator26.0.sdk /Users/jacksonsweet/Library/Developer/Xcode/DerivedData/SDKStatCaches.noindex/iphonesimulator26.0-23A339-26257891a6c027eb51374368541b8346.sdkstatcache
    cd /Users/jacksonsweet/Desktop/OPS\ APP/OPS/OPS.xcodeproj
    /Applications/Xcode.app/Contents/Developer/Toolchains/XcodeDefault.xctoolchain/usr/bin/clang-stat-cache /Applications/Xcode.app/Contents/Developer/Platforms/iPhoneSimulator.platform/Developer/SDKs/iPhoneSimulator26.0.sdk -o /Users/jacksonsweet/Library/Developer/Xcode/DerivedData/SDKStatCaches.noindex/iphonesimulator26.0-23A339-26257891a6c027eb51374368541b8346.sdkstatcache

ProcessInfoPlistFile /Users/jacksonsweet/Library/Developer/Xcode/DerivedData/OPS-czavgtmnvamasvcjgszzuulfcsxj/Build/Products/Debug-iphonesimulator/Stripe_StripePayments.bundle/Info.plist /Users/jacksonsweet/Library/Developer/Xcode/DerivedData/OPS-czavgtmnvamasvcjgszzuulfcsxj/Build/Intermediates.noindex/Stripe.build/Debug-iphonesimulator/Stripe_StripePayments.build/empty-Stripe_StripePayments.plist (in target 'Stripe_StripePayments' from project 'Stripe')
    cd /Users/jacksonsweet/Library/Developer/Xcode/DerivedData/OPS-czavgtmnvamasvcjgszzuulfcsxj/SourcePackages/checkouts/stripe-ios
    builtin-infoPlistUtility /Users/jacksonsweet/Library/Developer/Xcode/DerivedData/OPS-czavgtmnvamasvcjgszzuulfcsxj/Build/Intermediates.noindex/Stripe.build/Debug-iphonesimulator/Stripe_StripePayments.build/empty-Stripe_StripePayments.plist -producttype com.apple.product-type.bundle -expandbuildsettings -format binary -platform iphonesimulator -o /Users/jacksonsweet/Library/Developer/Xcode/DerivedData/OPS-czavgtmnvamasvcjgszzuulfcsxj/Build/Products/Debug-iphonesimulator/Stripe_StripePayments.bundle/Info.plist

ProcessInfoPlistFile /Users/jacksonsweet/Library/Developer/Xcode/DerivedData/OPS-czavgtmnvamasvcjgszzuulfcsxj/Build/Products/Debug-iphonesimulator/Stripe_StripeCore.bundle/Info.plist /Users/jacksonsweet/Library/Developer/Xcode/DerivedData/OPS-czavgtmnvamasvcjgszzuulfcsxj/Build/Intermediates.noindex/Stripe.build/Debug-iphonesimulator/Stripe_StripeCore.build/empty-Stripe_StripeCore.plist (in target 'Stripe_StripeCore' from project 'Stripe')
    cd /Users/jacksonsweet/Library/Developer/Xcode/DerivedData/OPS-czavgtmnvamasvcjgszzuulfcsxj/SourcePackages/checkouts/stripe-ios
    builtin-infoPlistUtility /Users/jacksonsweet/Library/Developer/Xcode/DerivedData/OPS-czavgtmnvamasvcjgszzuulfcsxj/Build/Intermediates.noindex/Stripe.build/Debug-iphonesimulator/Stripe_StripeCore.build/empty-Stripe_StripeCore.plist -producttype com.apple.product-type.bundle -expandbuildsettings -format binary -platform iphonesimulator -o /Users/jacksonsweet/Library/Developer/Xcode/DerivedData/OPS-czavgtmnvamasvcjgszzuulfcsxj/Build/Products/Debug-iphonesimulator/Stripe_StripeCore.bundle/Info.plist

ProcessInfoPlistFile /Users/jacksonsweet/Library/Developer/Xcode/DerivedData/OPS-czavgtmnvamasvcjgszzuulfcsxj/Build/Products/Debug-iphonesimulator/Stripe_StripeConnect.bundle/Info.plist /Users/jacksonsweet/Library/Developer/Xcode/DerivedData/OPS-czavgtmnvamasvcjgszzuulfcsxj/Build/Intermediates.noindex/Stripe.build/Debug-iphonesimulator/Stripe_StripeConnect.build/empty-Stripe_StripeConnect.plist (in target 'Stripe_StripeConnect' from project 'Stripe')
    cd /Users/jacksonsweet/Library/Developer/Xcode/DerivedData/OPS-czavgtmnvamasvcjgszzuulfcsxj/SourcePackages/checkouts/stripe-ios
    builtin-infoPlistUtility /Users/jacksonsweet/Library/Developer/Xcode/DerivedData/OPS-czavgtmnvamasvcjgszzuulfcsxj/Build/Intermediates.noindex/Stripe.build/Debug-iphonesimulator/Stripe_StripeConnect.build/empty-Stripe_StripeConnect.plist -producttype com.apple.product-type.bundle -expandbuildsettings -format binary -platform iphonesimulator -o /Users/jacksonsweet/Library/Developer/Xcode/DerivedData/OPS-czavgtmnvamasvcjgszzuulfcsxj/Build/Products/Debug-iphonesimulator/Stripe_StripeConnect.bundle/Info.plist

ProcessInfoPlistFile /Users/jacksonsweet/Library/Developer/Xcode/DerivedData/OPS-czavgtmnvamasvcjgszzuulfcsxj/Build/Products/Debug-iphonesimulator/Stripe_StripeCardScan.bundle/Info.plist /Users/jacksonsweet/Library/Developer/Xcode/DerivedData/OPS-czavgtmnvamasvcjgszzuulfcsxj/Build/Intermediates.noindex/Stripe.build/Debug-iphonesimulator/Stripe_StripeCardScan.build/empty-Stripe_StripeCardScan.plist (in target 'Stripe_StripeCardScan' from project 'Stripe')
    cd /Users/jacksonsweet/Library/Developer/Xcode/DerivedData/OPS-czavgtmnvamasvcjgszzuulfcsxj/SourcePackages/checkouts/stripe-ios
    builtin-infoPlistUtility /Users/jacksonsweet/Library/Developer/Xcode/DerivedData/OPS-czavgtmnvamasvcjgszzuulfcsxj/Build/Intermediates.noindex/Stripe.build/Debug-iphonesimulator/Stripe_StripeCardScan.build/empty-Stripe_StripeCardScan.plist -producttype com.apple.product-type.bundle -expandbuildsettings -format binary -platform iphonesimulator -o /Users/jacksonsweet/Library/Developer/Xcode/DerivedData/OPS-czavgtmnvamasvcjgszzuulfcsxj/Build/Products/Debug-iphonesimulator/Stripe_StripeCardScan.bundle/Info.plist

ProcessInfoPlistFile /Users/jacksonsweet/Library/Developer/Xcode/DerivedData/OPS-czavgtmnvamasvcjgszzuulfcsxj/Build/Products/Debug-iphonesimulator/Stripe_StripeIdentity.bundle/Info.plist /Users/jacksonsweet/Library/Developer/Xcode/DerivedData/OPS-czavgtmnvamasvcjgszzuulfcsxj/Build/Intermediates.noindex/Stripe.build/Debug-iphonesimulator/Stripe_StripeIdentity.build/empty-Stripe_StripeIdentity.plist (in target 'Stripe_StripeIdentity' from project 'Stripe')
    cd /Users/jacksonsweet/Library/Developer/Xcode/DerivedData/OPS-czavgtmnvamasvcjgszzuulfcsxj/SourcePackages/checkouts/stripe-ios
    builtin-infoPlistUtility /Users/jacksonsweet/Library/Developer/Xcode/DerivedData/OPS-czavgtmnvamasvcjgszzuulfcsxj/Build/Intermediates.noindex/Stripe.build/Debug-iphonesimulator/Stripe_StripeIdentity.build/empty-Stripe_StripeIdentity.plist -producttype com.apple.product-type.bundle -expandbuildsettings -format binary -platform iphonesimulator -o /Users/jacksonsweet/Library/Developer/Xcode/DerivedData/OPS-czavgtmnvamasvcjgszzuulfcsxj/Build/Products/Debug-iphonesimulator/Stripe_StripeIdentity.bundle/Info.plist

ProcessInfoPlistFile /Users/jacksonsweet/Library/Developer/Xcode/DerivedData/OPS-czavgtmnvamasvcjgszzuulfcsxj/Build/Products/Debug-iphonesimulator/Stripe_StripeFinancialConnections.bundle/Info.plist /Users/jacksonsweet/Library/Developer/Xcode/DerivedData/OPS-czavgtmnvamasvcjgszzuulfcsxj/Build/Intermediates.noindex/Stripe.build/Debug-iphonesimulator/Stripe_StripeFinancialConnections.build/empty-Stripe_StripeFinancialConnections.plist (in target 'Stripe_StripeFinancialConnections' from project 'Stripe')
    cd /Users/jacksonsweet/Library/Developer/Xcode/DerivedData/OPS-czavgtmnvamasvcjgszzuulfcsxj/SourcePackages/checkouts/stripe-ios
    builtin-infoPlistUtility /Users/jacksonsweet/Library/Developer/Xcode/DerivedData/OPS-czavgtmnvamasvcjgszzuulfcsxj/Build/Intermediates.noindex/Stripe.build/Debug-iphonesimulator/Stripe_StripeFinancialConnections.build/empty-Stripe_StripeFinancialConnections.plist -producttype com.apple.product-type.bundle -expandbuildsettings -format binary -platform iphonesimulator -o /Users/jacksonsweet/Library/Developer/Xcode/DerivedData/OPS-czavgtmnvamasvcjgszzuulfcsxj/Build/Products/Debug-iphonesimulator/Stripe_StripeFinancialConnections.bundle/Info.plist

ProcessInfoPlistFile /Users/jacksonsweet/Library/Developer/Xcode/DerivedData/OPS-czavgtmnvamasvcjgszzuulfcsxj/Build/Products/Debug-iphonesimulator/Stripe_StripeUICore.bundle/Info.plist /Users/jacksonsweet/Library/Developer/Xcode/DerivedData/OPS-czavgtmnvamasvcjgszzuulfcsxj/Build/Intermediates.noindex/Stripe.build/Debug-iphonesimulator/Stripe_StripeUICore.build/empty-Stripe_StripeUICore.plist (in target 'Stripe_StripeUICore' from project 'Stripe')
    cd /Users/jacksonsweet/Library/Developer/Xcode/DerivedData/OPS-czavgtmnvamasvcjgszzuulfcsxj/SourcePackages/checkouts/stripe-ios
    builtin-infoPlistUtility /Users/jacksonsweet/Library/Developer/Xcode/DerivedData/OPS-czavgtmnvamasvcjgszzuulfcsxj/Build/Intermediates.noindex/Stripe.build/Debug-iphonesimulator/Stripe_StripeUICore.build/empty-Stripe_StripeUICore.plist -producttype com.apple.product-type.bundle -expandbuildsettings -format binary -platform iphonesimulator -additionalcontentfile /Users/jacksonsweet/Library/Developer/Xcode/DerivedData/OPS-czavgtmnvamasvcjgszzuulfcsxj/Build/Intermediates.noindex/Stripe.build/Debug-iphonesimulator/Stripe_StripeUICore.build/assetcatalog_generated_info.plist -o /Users/jacksonsweet/Library/Developer/Xcode/DerivedData/OPS-czavgtmnvamasvcjgszzuulfcsxj/Build/Products/Debug-iphonesimulator/Stripe_StripeUICore.bundle/Info.plist

ProcessInfoPlistFile /Users/jacksonsweet/Library/Developer/Xcode/DerivedData/OPS-czavgtmnvamasvcjgszzuulfcsxj/Build/Products/Debug-iphonesimulator/Stripe_StripePaymentsUI.bundle/Info.plist /Users/jacksonsweet/Library/Developer/Xcode/DerivedData/OPS-czavgtmnvamasvcjgszzuulfcsxj/Build/Intermediates.noindex/Stripe.build/Debug-iphonesimulator/Stripe_StripePaymentsUI.build/empty-Stripe_StripePaymentsUI.plist (in target 'Stripe_StripePaymentsUI' from project 'Stripe')
    cd /Users/jacksonsweet/Library/Developer/Xcode/DerivedData/OPS-czavgtmnvamasvcjgszzuulfcsxj/SourcePackages/checkouts/stripe-ios
    builtin-infoPlistUtility /Users/jacksonsweet/Library/Developer/Xcode/DerivedData/OPS-czavgtmnvamasvcjgszzuulfcsxj/Build/Intermediates.noindex/Stripe.build/Debug-iphonesimulator/Stripe_StripePaymentsUI.build/empty-Stripe_StripePaymentsUI.plist -producttype com.apple.product-type.bundle -expandbuildsettings -format binary -platform iphonesimulator -additionalcontentfile /Users/jacksonsweet/Library/Developer/Xcode/DerivedData/OPS-czavgtmnvamasvcjgszzuulfcsxj/Build/Intermediates.noindex/Stripe.build/Debug-iphonesimulator/Stripe_StripePaymentsUI.build/assetcatalog_generated_info.plist -o /Users/jacksonsweet/Library/Developer/Xcode/DerivedData/OPS-czavgtmnvamasvcjgszzuulfcsxj/Build/Products/Debug-iphonesimulator/Stripe_StripePaymentsUI.bundle/Info.plist

ProcessInfoPlistFile /Users/jacksonsweet/Library/Developer/Xcode/DerivedData/OPS-czavgtmnvamasvcjgszzuulfcsxj/Build/Products/Debug-iphonesimulator/Stripe_StripePaymentSheet.bundle/Info.plist /Users/jacksonsweet/Library/Developer/Xcode/DerivedData/OPS-czavgtmnvamasvcjgszzuulfcsxj/Build/Intermediates.noindex/Stripe.build/Debug-iphonesimulator/Stripe_StripePaymentSheet.build/empty-Stripe_StripePaymentSheet.plist (in target 'Stripe_StripePaymentSheet' from project 'Stripe')
    cd /Users/jacksonsweet/Library/Developer/Xcode/DerivedData/OPS-czavgtmnvamasvcjgszzuulfcsxj/SourcePackages/checkouts/stripe-ios
    builtin-infoPlistUtility /Users/jacksonsweet/Library/Developer/Xcode/DerivedData/OPS-czavgtmnvamasvcjgszzuulfcsxj/Build/Intermediates.noindex/Stripe.build/Debug-iphonesimulator/Stripe_StripePaymentSheet.build/empty-Stripe_StripePaymentSheet.plist -producttype com.apple.product-type.bundle -expandbuildsettings -format binary -platform iphonesimulator -additionalcontentfile /Users/jacksonsweet/Library/Developer/Xcode/DerivedData/OPS-czavgtmnvamasvcjgszzuulfcsxj/Build/Intermediates.noindex/Stripe.build/Debug-iphonesimulator/Stripe_StripePaymentSheet.build/assetcatalog_generated_info.plist -o /Users/jacksonsweet/Library/Developer/Xcode/DerivedData/OPS-czavgtmnvamasvcjgszzuulfcsxj/Build/Products/Debug-iphonesimulator/Stripe_StripePaymentSheet.bundle/Info.plist

ProcessInfoPlistFile /Users/jacksonsweet/Library/Developer/Xcode/DerivedData/OPS-czavgtmnvamasvcjgszzuulfcsxj/Build/Products/Debug-iphonesimulator/Stripe_Stripe3DS2.bundle/Info.plist /Users/jacksonsweet/Library/Developer/Xcode/DerivedData/OPS-czavgtmnvamasvcjgszzuulfcsxj/Build/Intermediates.noindex/Stripe.build/Debug-iphonesimulator/Stripe_Stripe3DS2.build/empty-Stripe_Stripe3DS2.plist (in target 'Stripe_Stripe3DS2' from project 'Stripe')
    cd /Users/jacksonsweet/Library/Developer/Xcode/DerivedData/OPS-czavgtmnvamasvcjgszzuulfcsxj/SourcePackages/checkouts/stripe-ios
    builtin-infoPlistUtility /Users/jacksonsweet/Library/Developer/Xcode/DerivedData/OPS-czavgtmnvamasvcjgszzuulfcsxj/Build/Intermediates.noindex/Stripe.build/Debug-iphonesimulator/Stripe_Stripe3DS2.build/empty-Stripe_Stripe3DS2.plist -producttype com.apple.product-type.bundle -expandbuildsettings -format binary -platform iphonesimulator -additionalcontentfile /Users/jacksonsweet/Library/Developer/Xcode/DerivedData/OPS-czavgtmnvamasvcjgszzuulfcsxj/Build/Intermediates.noindex/Stripe.build/Debug-iphonesimulator/Stripe_Stripe3DS2.build/assetcatalog_generated_info.plist -o /Users/jacksonsweet/Library/Developer/Xcode/DerivedData/OPS-czavgtmnvamasvcjgszzuulfcsxj/Build/Products/Debug-iphonesimulator/Stripe_Stripe3DS2.bundle/Info.plist

ProcessInfoPlistFile /Users/jacksonsweet/Library/Developer/Xcode/DerivedData/OPS-czavgtmnvamasvcjgszzuulfcsxj/Build/Products/Debug-iphonesimulator/Promises_FBLPromises.bundle/Info.plist /Users/jacksonsweet/Library/Developer/Xcode/DerivedData/OPS-czavgtmnvamasvcjgszzuulfcsxj/Build/Intermediates.noindex/Promises.build/Debug-iphonesimulator/Promises_FBLPromises.build/empty-Promises_FBLPromises.plist (in target 'Promises_FBLPromises' from project 'Promises')
    cd /Users/jacksonsweet/Library/Developer/Xcode/DerivedData/OPS-czavgtmnvamasvcjgszzuulfcsxj/SourcePackages/checkouts/promises
    builtin-infoPlistUtility /Users/jacksonsweet/Library/Developer/Xcode/DerivedData/OPS-czavgtmnvamasvcjgszzuulfcsxj/Build/Intermediates.noindex/Promises.build/Debug-iphonesimulator/Promises_FBLPromises.build/empty-Promises_FBLPromises.plist -producttype com.apple.product-type.bundle -expandbuildsettings -format binary -platform iphonesimulator -o /Users/jacksonsweet/Library/Developer/Xcode/DerivedData/OPS-czavgtmnvamasvcjgszzuulfcsxj/Build/Products/Debug-iphonesimulator/Promises_FBLPromises.bundle/Info.plist

ProcessInfoPlistFile /Users/jacksonsweet/Library/Developer/Xcode/DerivedData/OPS-czavgtmnvamasvcjgszzuulfcsxj/Build/Products/Debug-iphonesimulator/GoogleUtilities_GoogleUtilities-UserDefaults.bundle/Info.plist /Users/jacksonsweet/Library/Developer/Xcode/DerivedData/OPS-czavgtmnvamasvcjgszzuulfcsxj/Build/Intermediates.noindex/GoogleUtilities.build/Debug-iphonesimulator/GoogleUtilities_GoogleUtilities-UserDefaults.build/empty-GoogleUtilities_GoogleUtilities-UserDefaults.plist (in target 'GoogleUtilities_GoogleUtilities-UserDefaults' from project 'GoogleUtilities')
    cd /Users/jacksonsweet/Library/Developer/Xcode/DerivedData/OPS-czavgtmnvamasvcjgszzuulfcsxj/SourcePackages/checkouts/GoogleUtilities
    builtin-infoPlistUtility /Users/jacksonsweet/Library/Developer/Xcode/DerivedData/OPS-czavgtmnvamasvcjgszzuulfcsxj/Build/Intermediates.noindex/GoogleUtilities.build/Debug-iphonesimulator/GoogleUtilities_GoogleUtilities-UserDefaults.build/empty-GoogleUtilities_GoogleUtilities-UserDefaults.plist -producttype com.apple.product-type.bundle -expandbuildsettings -format binary -platform iphonesimulator -o /Users/jacksonsweet/Library/Developer/Xcode/DerivedData/OPS-czavgtmnvamasvcjgszzuulfcsxj/Build/Products/Debug-iphonesimulator/GoogleUtilities_GoogleUtilities-UserDefaults.bundle/Info.plist

ProcessInfoPlistFile /Users/jacksonsweet/Library/Developer/Xcode/DerivedData/OPS-czavgtmnvamasvcjgszzuulfcsxj/Build/Products/Debug-iphonesimulator/GoogleUtilities_GoogleUtilities-Logger.bundle/Info.plist /Users/jacksonsweet/Library/Developer/Xcode/DerivedData/OPS-czavgtmnvamasvcjgszzuulfcsxj/Build/Intermediates.noindex/GoogleUtilities.build/Debug-iphonesimulator/GoogleUtilities_GoogleUtilities-Logger.build/empty-GoogleUtilities_GoogleUtilities-Logger.plist (in target 'GoogleUtilities_GoogleUtilities-Logger' from project 'GoogleUtilities')
    cd /Users/jacksonsweet/Library/Developer/Xcode/DerivedData/OPS-czavgtmnvamasvcjgszzuulfcsxj/SourcePackages/checkouts/GoogleUtilities
    builtin-infoPlistUtility /Users/jacksonsweet/Library/Developer/Xcode/DerivedData/OPS-czavgtmnvamasvcjgszzuulfcsxj/Build/Intermediates.noindex/GoogleUtilities.build/Debug-iphonesimulator/GoogleUtilities_GoogleUtilities-Logger.build/empty-GoogleUtilities_GoogleUtilities-Logger.plist -producttype com.apple.product-type.bundle -expandbuildsettings -format binary -platform iphonesimulator -o /Users/jacksonsweet/Library/Developer/Xcode/DerivedData/OPS-czavgtmnvamasvcjgszzuulfcsxj/Build/Products/Debug-iphonesimulator/GoogleUtilities_GoogleUtilities-Logger.bundle/Info.plist

ProcessInfoPlistFile /Users/jacksonsweet/Library/Developer/Xcode/DerivedData/OPS-czavgtmnvamasvcjgszzuulfcsxj/Build/Products/Debug-iphonesimulator/GoogleUtilities_GoogleUtilities-Environment.bundle/Info.plist /Users/jacksonsweet/Library/Developer/Xcode/DerivedData/OPS-czavgtmnvamasvcjgszzuulfcsxj/Build/Intermediates.noindex/GoogleUtilities.build/Debug-iphonesimulator/GoogleUtilities_GoogleUtilities-Environment.build/empty-GoogleUtilities_GoogleUtilities-Environment.plist (in target 'GoogleUtilities_GoogleUtilities-Environment' from project 'GoogleUtilities')
    cd /Users/jacksonsweet/Library/Developer/Xcode/DerivedData/OPS-czavgtmnvamasvcjgszzuulfcsxj/SourcePackages/checkouts/GoogleUtilities
    builtin-infoPlistUtility /Users/jacksonsweet/Library/Developer/Xcode/DerivedData/OPS-czavgtmnvamasvcjgszzuulfcsxj/Build/Intermediates.noindex/GoogleUtilities.build/Debug-iphonesimulator/GoogleUtilities_GoogleUtilities-Environment.build/empty-GoogleUtilities_GoogleUtilities-Environment.plist -producttype com.apple.product-type.bundle -expandbuildsettings -format binary -platform iphonesimulator -o /Users/jacksonsweet/Library/Developer/Xcode/DerivedData/OPS-czavgtmnvamasvcjgszzuulfcsxj/Build/Products/Debug-iphonesimulator/GoogleUtilities_GoogleUtilities-Environment.bundle/Info.plist

ProcessInfoPlistFile /Users/jacksonsweet/Library/Developer/Xcode/DerivedData/OPS-czavgtmnvamasvcjgszzuulfcsxj/Build/Products/Debug-iphonesimulator/GoogleSignIn_GoogleSignIn.bundle/Info.plist /Users/jacksonsweet/Library/Developer/Xcode/DerivedData/OPS-czavgtmnvamasvcjgszzuulfcsxj/Build/Intermediates.noindex/GoogleSignIn.build/Debug-iphonesimulator/GoogleSignIn_GoogleSignIn.build/empty-GoogleSignIn_GoogleSignIn.plist (in target 'GoogleSignIn_GoogleSignIn' from project 'GoogleSignIn')
    cd /Users/jacksonsweet/Library/Developer/Xcode/DerivedData/OPS-czavgtmnvamasvcjgszzuulfcsxj/SourcePackages/checkouts/GoogleSignIn-iOS
    builtin-infoPlistUtility /Users/jacksonsweet/Library/Developer/Xcode/DerivedData/OPS-czavgtmnvamasvcjgszzuulfcsxj/Build/Intermediates.noindex/GoogleSignIn.build/Debug-iphonesimulator/GoogleSignIn_GoogleSignIn.build/empty-GoogleSignIn_GoogleSignIn.plist -producttype com.apple.product-type.bundle -expandbuildsettings -format binary -platform iphonesimulator -o /Users/jacksonsweet/Library/Developer/Xcode/DerivedData/OPS-czavgtmnvamasvcjgszzuulfcsxj/Build/Products/Debug-iphonesimulator/GoogleSignIn_GoogleSignIn.bundle/Info.plist

ProcessInfoPlistFile /Users/jacksonsweet/Library/Developer/Xcode/DerivedData/OPS-czavgtmnvamasvcjgszzuulfcsxj/Build/Products/Debug-iphonesimulator/GoogleSignIn_GoogleSignInSwift.bundle/Info.plist /Users/jacksonsweet/Library/Developer/Xcode/DerivedData/OPS-czavgtmnvamasvcjgszzuulfcsxj/Build/Intermediates.noindex/GoogleSignIn.build/Debug-iphonesimulator/GoogleSignIn_GoogleSignInSwift.build/empty-GoogleSignIn_GoogleSignInSwift.plist (in target 'GoogleSignIn_GoogleSignInSwift' from project 'GoogleSignIn')
    cd /Users/jacksonsweet/Library/Developer/Xcode/DerivedData/OPS-czavgtmnvamasvcjgszzuulfcsxj/SourcePackages/checkouts/GoogleSignIn-iOS
    builtin-infoPlistUtility /Users/jacksonsweet/Library/Developer/Xcode/DerivedData/OPS-czavgtmnvamasvcjgszzuulfcsxj/Build/Intermediates.noindex/GoogleSignIn.build/Debug-iphonesimulator/GoogleSignIn_GoogleSignInSwift.build/empty-GoogleSignIn_GoogleSignInSwift.plist -producttype com.apple.product-type.bundle -expandbuildsettings -format binary -platform iphonesimulator -o /Users/jacksonsweet/Library/Developer/Xcode/DerivedData/OPS-czavgtmnvamasvcjgszzuulfcsxj/Build/Products/Debug-iphonesimulator/GoogleSignIn_GoogleSignInSwift.bundle/Info.plist

ProcessInfoPlistFile /Users/jacksonsweet/Library/Developer/Xcode/DerivedData/OPS-czavgtmnvamasvcjgszzuulfcsxj/Build/Products/Debug-iphonesimulator/GTMSessionFetcher_GTMSessionFetcherCore.bundle/Info.plist /Users/jacksonsweet/Library/Developer/Xcode/DerivedData/OPS-czavgtmnvamasvcjgszzuulfcsxj/Build/Intermediates.noindex/GTMSessionFetcher.build/Debug-iphonesimulator/GTMSessionFetcher_GTMSessionFetcherCore.build/empty-GTMSessionFetcher_GTMSessionFetcherCore.plist (in target 'GTMSessionFetcher_GTMSessionFetcherCore' from project 'GTMSessionFetcher')
    cd /Users/jacksonsweet/Library/Developer/Xcode/DerivedData/OPS-czavgtmnvamasvcjgszzuulfcsxj/SourcePackages/checkouts/gtm-session-fetcher
    builtin-infoPlistUtility /Users/jacksonsweet/Library/Developer/Xcode/DerivedData/OPS-czavgtmnvamasvcjgszzuulfcsxj/Build/Intermediates.noindex/GTMSessionFetcher.build/Debug-iphonesimulator/GTMSessionFetcher_GTMSessionFetcherCore.build/empty-GTMSessionFetcher_GTMSessionFetcherCore.plist -producttype com.apple.product-type.bundle -expandbuildsettings -format binary -platform iphonesimulator -o /Users/jacksonsweet/Library/Developer/Xcode/DerivedData/OPS-czavgtmnvamasvcjgszzuulfcsxj/Build/Products/Debug-iphonesimulator/GTMSessionFetcher_GTMSessionFetcherCore.bundle/Info.plist

ProcessInfoPlistFile /Users/jacksonsweet/Library/Developer/Xcode/DerivedData/OPS-czavgtmnvamasvcjgszzuulfcsxj/Build/Products/Debug-iphonesimulator/GTMAppAuth_GTMAppAuth.bundle/Info.plist /Users/jacksonsweet/Library/Developer/Xcode/DerivedData/OPS-czavgtmnvamasvcjgszzuulfcsxj/Build/Intermediates.noindex/GTMAppAuth.build/Debug-iphonesimulator/GTMAppAuth_GTMAppAuth.build/empty-GTMAppAuth_GTMAppAuth.plist (in target 'GTMAppAuth_GTMAppAuth' from project 'GTMAppAuth')
    cd /Users/jacksonsweet/Library/Developer/Xcode/DerivedData/OPS-czavgtmnvamasvcjgszzuulfcsxj/SourcePackages/checkouts/GTMAppAuth
    builtin-infoPlistUtility /Users/jacksonsweet/Library/Developer/Xcode/DerivedData/OPS-czavgtmnvamasvcjgszzuulfcsxj/Build/Intermediates.noindex/GTMAppAuth.build/Debug-iphonesimulator/GTMAppAuth_GTMAppAuth.build/empty-GTMAppAuth_GTMAppAuth.plist -producttype com.apple.product-type.bundle -expandbuildsettings -format binary -platform iphonesimulator -o /Users/jacksonsweet/Library/Developer/Xcode/DerivedData/OPS-czavgtmnvamasvcjgszzuulfcsxj/Build/Products/Debug-iphonesimulator/GTMAppAuth_GTMAppAuth.bundle/Info.plist

ProcessInfoPlistFile /Users/jacksonsweet/Library/Developer/Xcode/DerivedData/OPS-czavgtmnvamasvcjgszzuulfcsxj/Build/Products/Debug-iphonesimulator/AppAuth_AppAuthCore.bundle/Info.plist /Users/jacksonsweet/Library/Developer/Xcode/DerivedData/OPS-czavgtmnvamasvcjgszzuulfcsxj/Build/Intermediates.noindex/AppAuth.build/Debug-iphonesimulator/AppAuth_AppAuthCore.build/empty-AppAuth_AppAuthCore.plist (in target 'AppAuth_AppAuthCore' from project 'AppAuth')
    cd /Users/jacksonsweet/Library/Developer/Xcode/DerivedData/OPS-czavgtmnvamasvcjgszzuulfcsxj/SourcePackages/checkouts/AppAuth-iOS
    builtin-infoPlistUtility /Users/jacksonsweet/Library/Developer/Xcode/DerivedData/OPS-czavgtmnvamasvcjgszzuulfcsxj/Build/Intermediates.noindex/AppAuth.build/Debug-iphonesimulator/AppAuth_AppAuthCore.build/empty-AppAuth_AppAuthCore.plist -producttype com.apple.product-type.bundle -expandbuildsettings -format binary -platform iphonesimulator -o /Users/jacksonsweet/Library/Developer/Xcode/DerivedData/OPS-czavgtmnvamasvcjgszzuulfcsxj/Build/Products/Debug-iphonesimulator/AppAuth_AppAuthCore.bundle/Info.plist

ProcessInfoPlistFile /Users/jacksonsweet/Library/Developer/Xcode/DerivedData/OPS-czavgtmnvamasvcjgszzuulfcsxj/Build/Products/Debug-iphonesimulator/AppAuth_AppAuth.bundle/Info.plist /Users/jacksonsweet/Library/Developer/Xcode/DerivedData/OPS-czavgtmnvamasvcjgszzuulfcsxj/Build/Intermediates.noindex/AppAuth.build/Debug-iphonesimulator/AppAuth_AppAuth.build/empty-AppAuth_AppAuth.plist (in target 'AppAuth_AppAuth' from project 'AppAuth')
    cd /Users/jacksonsweet/Library/Developer/Xcode/DerivedData/OPS-czavgtmnvamasvcjgszzuulfcsxj/SourcePackages/checkouts/AppAuth-iOS
    builtin-infoPlistUtility /Users/jacksonsweet/Library/Developer/Xcode/DerivedData/OPS-czavgtmnvamasvcjgszzuulfcsxj/Build/Intermediates.noindex/AppAuth.build/Debug-iphonesimulator/AppAuth_AppAuth.build/empty-AppAuth_AppAuth.plist -producttype com.apple.product-type.bundle -expandbuildsettings -format binary -platform iphonesimulator -o /Users/jacksonsweet/Library/Developer/Xcode/DerivedData/OPS-czavgtmnvamasvcjgszzuulfcsxj/Build/Products/Debug-iphonesimulator/AppAuth_AppAuth.bundle/Info.plist

ProcessInfoPlistFile /Users/jacksonsweet/Library/Developer/Xcode/DerivedData/OPS-czavgtmnvamasvcjgszzuulfcsxj/Build/Products/Debug-iphonesimulator/Stripe_Stripe.bundle/Info.plist /Users/jacksonsweet/Library/Developer/Xcode/DerivedData/OPS-czavgtmnvamasvcjgszzuulfcsxj/Build/Intermediates.noindex/Stripe.build/Debug-iphonesimulator/Stripe_Stripe.build/empty-Stripe_Stripe.plist (in target 'Stripe_Stripe' from project 'Stripe')
    cd /Users/jacksonsweet/Library/Developer/Xcode/DerivedData/OPS-czavgtmnvamasvcjgszzuulfcsxj/SourcePackages/checkouts/stripe-ios
    builtin-infoPlistUtility /Users/jacksonsweet/Library/Developer/Xcode/DerivedData/OPS-czavgtmnvamasvcjgszzuulfcsxj/Build/Intermediates.noindex/Stripe.build/Debug-iphonesimulator/Stripe_Stripe.build/empty-Stripe_Stripe.plist -producttype com.apple.product-type.bundle -expandbuildsettings -format binary -platform iphonesimulator -additionalcontentfile /Users/jacksonsweet/Library/Developer/Xcode/DerivedData/OPS-czavgtmnvamasvcjgszzuulfcsxj/Build/Intermediates.noindex/Stripe.build/Debug-iphonesimulator/Stripe_Stripe.build/assetcatalog_generated_info.plist -o /Users/jacksonsweet/Library/Developer/Xcode/DerivedData/OPS-czavgtmnvamasvcjgszzuulfcsxj/Build/Products/Debug-iphonesimulator/Stripe_Stripe.bundle/Info.plist

SwiftDriver OPS normal arm64 com.apple.xcode.tools.swift.compiler (in target 'OPS' from project 'OPS')
    cd /Users/jacksonsweet/Desktop/OPS\ APP/OPS
    builtin-SwiftDriver -- /Applications/Xcode.app/Contents/Developer/Toolchains/XcodeDefault.xctoolchain/usr/bin/swiftc -module-name OPS -Onone -enforce-exclusivity\=checked @/Users/jacksonsweet/Library/Developer/Xcode/DerivedData/OPS-czavgtmnvamasvcjgszzuulfcsxj/Build/Intermediates.noindex/OPS.build/Debug-iphonesimulator/OPS.build/Objects-normal/arm64/OPS.SwiftFileList -DDEBUG -Xcc -fmodule-map-file\=/Users/jacksonsweet/Library/Developer/Xcode/DerivedData/OPS-czavgtmnvamasvcjgszzuulfcsxj/Build/Intermediates.noindex/GeneratedModuleMaps-iphonesimulator/AppAuth.modulemap -Xcc -fmodule-map-file\=/Users/jacksonsweet/Library/Developer/Xcode/DerivedData/OPS-czavgtmnvamasvcjgszzuulfcsxj/Build/Intermediates.noindex/GeneratedModuleMaps-iphonesimulator/GoogleUtilities-Logger.modulemap -Xcc -fmodule-map-file\=/Users/jacksonsweet/Library/Developer/Xcode/DerivedData/OPS-czavgtmnvamasvcjgszzuulfcsxj/Build/Intermediates.noindex/GeneratedModuleMaps-iphonesimulator/GoogleUtilities-Environment.modulemap -Xcc -fmodule-map-file\=/Users/jacksonsweet/Library/Developer/Xcode/DerivedData/OPS-czavgtmnvamasvcjgszzuulfcsxj/Build/Intermediates.noindex/GeneratedModuleMaps-iphonesimulator/third-party-IsAppEncrypted.modulemap -Xcc -fmodule-map-file\=/Users/jacksonsweet/Library/Developer/Xcode/DerivedData/OPS-czavgtmnvamasvcjgszzuulfcsxj/Build/Intermediates.noindex/GeneratedModuleMaps-iphonesimulator/GoogleUtilities-UserDefaults.modulemap -Xcc -fmodule-map-file\=/Users/jacksonsweet/Library/Developer/Xcode/DerivedData/OPS-czavgtmnvamasvcjgszzuulfcsxj/Build/Intermediates.noindex/GeneratedModuleMaps-iphonesimulator/AppCheckCore.modulemap -Xcc -fmodule-map-file\=/Users/jacksonsweet/Library/Developer/Xcode/DerivedData/OPS-czavgtmnvamasvcjgszzuulfcsxj/Build/Intermediates.noindex/GeneratedModuleMaps-iphonesimulator/AppAuthCore.modulemap -Xcc -fmodule-map-file\=/Users/jacksonsweet/Library/Developer/Xcode/DerivedData/OPS-czavgtmnvamasvcjgszzuulfcsxj/Build/Intermediates.noindex/GeneratedModuleMaps-iphonesimulator/GTMSessionFetcherCore.modulemap -Xcc -fmodule-map-file\=/Users/jacksonsweet/Library/Developer/Xcode/DerivedData/OPS-czavgtmnvamasvcjgszzuulfcsxj/Build/Intermediates.noindex/GeneratedModuleMaps-iphonesimulator/GoogleSignIn.modulemap -Xcc -fmodule-map-file\=/Users/jacksonsweet/Library/Developer/Xcode/DerivedData/OPS-czavgtmnvamasvcjgszzuulfcsxj/Build/Intermediates.noindex/GeneratedModuleMaps-iphonesimulator/Stripe3DS2.modulemap -enable-bare-slash-regex -enable-experimental-feature DebugDescriptionMacro -sdk /Applications/Xcode.app/Contents/Developer/Platforms/iPhoneSimulator.platform/Developer/SDKs/iPhoneSimulator26.0.sdk -target arm64-apple-ios17.6-simulator -g -module-cache-path /Users/jacksonsweet/Library/Developer/Xcode/DerivedData/ModuleCache.noindex -Xfrontend -serialize-debugging-options -profile-coverage-mapping -profile-generate -enable-testing -index-store-path /Users/jacksonsweet/Library/Developer/Xcode/DerivedData/OPS-czavgtmnvamasvcjgszzuulfcsxj/Index.noindex/DataStore -Xcc -D_LIBCPP_HARDENING_MODE\=_LIBCPP_HARDENING_MODE_DEBUG -swift-version 5 -I /Users/jacksonsweet/Library/Developer/Xcode/DerivedData/OPS-czavgtmnvamasvcjgszzuulfcsxj/Build/Products/Debug-iphonesimulator -F /Users/jacksonsweet/Library/Developer/Xcode/DerivedData/OPS-czavgtmnvamasvcjgszzuulfcsxj/Build/Products/Debug-iphonesimulator/PackageFrameworks -F /Users/jacksonsweet/Library/Developer/Xcode/DerivedData/OPS-czavgtmnvamasvcjgszzuulfcsxj/Build/Products/Debug-iphonesimulator/PackageFrameworks -F /Users/jacksonsweet/Library/Developer/Xcode/DerivedData/OPS-czavgtmnvamasvcjgszzuulfcsxj/Build/Products/Debug-iphonesimulator/PackageFrameworks -F /Users/jacksonsweet/Library/Developer/Xcode/DerivedData/OPS-czavgtmnvamasvcjgszzuulfcsxj/Build/Products/Debug-iphonesimulator/PackageFrameworks -F /Users/jacksonsweet/Library/Developer/Xcode/DerivedData/OPS-czavgtmnvamasvcjgszzuulfcsxj/Build/Products/Debug-iphonesimulator/PackageFrameworks -F /Users/jacksonsweet/Library/Developer/Xcode/DerivedData/OPS-czavgtmnvamasvcjgszzuulfcsxj/Build/Products/Debug-iphonesimulator/PackageFrameworks -F /Users/jacksonsweet/Library/Developer/Xcode/DerivedData/OPS-czavgtmnvamasvcjgszzuulfcsxj/Build/Products/Debug-iphonesimulator/PackageFrameworks -F /Users/jacksonsweet/Library/Developer/Xcode/DerivedData/OPS-czavgtmnvamasvcjgszzuulfcsxj/Build/Products/Debug-iphonesimulator/PackageFrameworks -F /Users/jacksonsweet/Library/Developer/Xcode/DerivedData/OPS-czavgtmnvamasvcjgszzuulfcsxj/Build/Products/Debug-iphonesimulator/PackageFrameworks -F /Users/jacksonsweet/Library/Developer/Xcode/DerivedData/OPS-czavgtmnvamasvcjgszzuulfcsxj/Build/Products/Debug-iphonesimulator/PackageFrameworks -F /Users/jacksonsweet/Library/Developer/Xcode/DerivedData/OPS-czavgtmnvamasvcjgszzuulfcsxj/Build/Products/Debug-iphonesimulator/PackageFrameworks -F /Users/jacksonsweet/Library/Developer/Xcode/DerivedData/OPS-czavgtmnvamasvcjgszzuulfcsxj/Build/Products/Debug-iphonesimulator/PackageFrameworks -F /Users/jacksonsweet/Library/Developer/Xcode/DerivedData/OPS-czavgtmnvamasvcjgszzuulfcsxj/Build/Products/Debug-iphonesimulator/PackageFrameworks -F /Users/jacksonsweet/Library/Developer/Xcode/DerivedData/OPS-czavgtmnvamasvcjgszzuulfcsxj/Build/Products/Debug-iphonesimulator/PackageFrameworks -F /Users/jacksonsweet/Library/Developer/Xcode/DerivedData/OPS-czavgtmnvamasvcjgszzuulfcsxj/Build/Products/Debug-iphonesimulator/PackageFrameworks -F /Users/jacksonsweet/Library/Developer/Xcode/DerivedData/OPS-czavgtmnvamasvcjgszzuulfcsxj/Build/Products/Debug-iphonesimulator/PackageFrameworks -F /Users/jacksonsweet/Library/Developer/Xcode/DerivedData/OPS-czavgtmnvamasvcjgszzuulfcsxj/Build/Products/Debug-iphonesimulator/PackageFrameworks -F /Users/jacksonsweet/Library/Developer/Xcode/DerivedData/OPS-czavgtmnvamasvcjgszzuulfcsxj/Build/Products/Debug-iphonesimulator/PackageFrameworks -F /Users/jacksonsweet/Library/Developer/Xcode/DerivedData/OPS-czavgtmnvamasvcjgszzuulfcsxj/Build/Products/Debug-iphonesimulator/PackageFrameworks -F /Users/jacksonsweet/Library/Developer/Xcode/DerivedData/OPS-czavgtmnvamasvcjgszzuulfcsxj/Build/Products/Debug-iphonesimulator/PackageFrameworks -F /Users/jacksonsweet/Library/Developer/Xcode/DerivedData/OPS-czavgtmnvamasvcjgszzuulfcsxj/Build/Products/Debug-iphonesimulator/PackageFrameworks -F /Users/jacksonsweet/Library/Developer/Xcode/DerivedData/OPS-czavgtmnvamasvcjgszzuulfcsxj/Build/Products/Debug-iphonesimulator/PackageFrameworks -F /Users/jacksonsweet/Library/Developer/Xcode/DerivedData/OPS-czavgtmnvamasvcjgszzuulfcsxj/Build/Products/Debug-iphonesimulator/PackageFrameworks -F /Users/jacksonsweet/Library/Developer/Xcode/DerivedData/OPS-czavgtmnvamasvcjgszzuulfcsxj/Build/Products/Debug-iphonesimulator/PackageFrameworks -F /Users/jacksonsweet/Library/Developer/Xcode/DerivedData/OPS-czavgtmnvamasvcjgszzuulfcsxj/Build/Products/Debug-iphonesimulator/PackageFrameworks -F /Users/jacksonsweet/Library/Developer/Xcode/DerivedData/OPS-czavgtmnvamasvcjgszzuulfcsxj/Build/Products/Debug-iphonesimulator -emit-localized-strings -emit-localized-strings-path /Users/jacksonsweet/Library/Developer/Xcode/DerivedData/OPS-czavgtmnvamasvcjgszzuulfcsxj/Build/Intermediates.noindex/OPS.build/Debug-iphonesimulator/OPS.build/Objects-normal/arm64 -c -j10 -enable-batch-mode -incremental -Xcc -ivfsstatcache -Xcc /Users/jacksonsweet/Library/Developer/Xcode/DerivedData/SDKStatCaches.noindex/iphonesimulator26.0-23A339-26257891a6c027eb51374368541b8346.sdkstatcache -output-file-map /Users/jacksonsweet/Library/Developer/Xcode/DerivedData/OPS-czavgtmnvamasvcjgszzuulfcsxj/Build/Intermediates.noindex/OPS.build/Debug-iphonesimulator/OPS.build/Objects-normal/arm64/OPS-OutputFileMap.json -use-frontend-parseable-output -save-temps -no-color-diagnostics -explicit-module-build -module-cache-path /Users/jacksonsweet/Library/Developer/Xcode/DerivedData/OPS-czavgtmnvamasvcjgszzuulfcsxj/Build/Intermediates.noindex/SwiftExplicitPrecompiledModules -clang-scanner-module-cache-path /Users/jacksonsweet/Library/Developer/Xcode/DerivedData/ModuleCache.noindex -sdk-module-cache-path /Users/jacksonsweet/Library/Developer/Xcode/DerivedData/ModuleCache.noindex -serialize-diagnostics -emit-dependencies -emit-module -emit-module-path /Users/jacksonsweet/Library/Developer/Xcode/DerivedData/OPS-czavgtmnvamasvcjgszzuulfcsxj/Build/Intermediates.noindex/OPS.build/Debug-iphonesimulator/OPS.build/Objects-normal/arm64/OPS.swiftmodule -validate-clang-modules-once -clang-build-session-file /Users/jacksonsweet/Library/Developer/Xcode/DerivedData/ModuleCache.noindex/Session.modulevalidation -Xcc -I/Users/jacksonsweet/Library/Developer/Xcode/DerivedData/OPS-czavgtmnvamasvcjgszzuulfcsxj/Build/Intermediates.noindex/OPS.build/Debug-iphonesimulator/OPS.build/swift-overrides.hmap -emit-const-values -Xfrontend -const-gather-protocols-file -Xfrontend /Users/jacksonsweet/Library/Developer/Xcode/DerivedData/OPS-czavgtmnvamasvcjgszzuulfcsxj/Build/Intermediates.noindex/OPS.build/Debug-iphonesimulator/OPS.build/Objects-normal/arm64/OPS_const_extract_protocols.json -Xcc -iquote -Xcc /Users/jacksonsweet/Library/Developer/Xcode/DerivedData/OPS-czavgtmnvamasvcjgszzuulfcsxj/Build/Intermediates.noindex/OPS.build/Debug-iphonesimulator/OPS.build/OPS-generated-files.hmap -Xcc -I/Users/jacksonsweet/Library/Developer/Xcode/DerivedData/OPS-czavgtmnvamasvcjgszzuulfcsxj/Build/Intermediates.noindex/OPS.build/Debug-iphonesimulator/OPS.build/OPS-own-target-headers.hmap -Xcc -I/Users/jacksonsweet/Library/Developer/Xcode/DerivedData/OPS-czavgtmnvamasvcjgszzuulfcsxj/Build/Intermediates.noindex/OPS.build/Debug-iphonesimulator/OPS.build/OPS-all-non-framework-target-headers.hmap -Xcc -ivfsoverlay -Xcc /Users/jacksonsweet/Library/Developer/Xcode/DerivedData/OPS-czavgtmnvamasvcjgszzuulfcsxj/Build/Intermediates.noindex/OPS.build/Debug-iphonesimulator/OPS-c3cc2abb764fabbf8cef7b77dc6f4524-VFS-iphonesimulator/all-product-headers.yaml -Xcc -iquote -Xcc /Users/jacksonsweet/Library/Developer/Xcode/DerivedData/OPS-czavgtmnvamasvcjgszzuulfcsxj/Build/Intermediates.noindex/OPS.build/Debug-iphonesimulator/OPS.build/OPS-project-headers.hmap -Xcc -I/Users/jacksonsweet/Library/Developer/Xcode/DerivedData/OPS-czavgtmnvamasvcjgszzuulfcsxj/SourcePackages/checkouts/AppAuth-iOS/Sources/AppAuth -Xcc -I/Users/jacksonsweet/Library/Developer/Xcode/DerivedData/OPS-czavgtmnvamasvcjgszzuulfcsxj/SourcePackages/checkouts/promises/Sources/FBLPromises/include -Xcc -I/Users/jacksonsweet/Library/Developer/Xcode/DerivedData/OPS-czavgtmnvamasvcjgszzuulfcsxj/SourcePackages/checkouts/GoogleUtilities/GoogleUtilities/Logger/Public -Xcc -I/Users/jacksonsweet/Library/Developer/Xcode/DerivedData/OPS-czavgtmnvamasvcjgszzuulfcsxj/SourcePackages/checkouts/GoogleUtilities/GoogleUtilities/Environment/Public -Xcc -I/Users/jacksonsweet/Library/Developer/Xcode/DerivedData/OPS-czavgtmnvamasvcjgszzuulfcsxj/SourcePackages/checkouts/GoogleUtilities/third_party/IsAppEncrypted/Public -Xcc -I/Users/jacksonsweet/Library/Developer/Xcode/DerivedData/OPS-czavgtmnvamasvcjgszzuulfcsxj/SourcePackages/checkouts/GoogleUtilities/GoogleUtilities/UserDefaults/Public -Xcc -I/Users/jacksonsweet/Library/Developer/Xcode/DerivedData/OPS-czavgtmnvamasvcjgszzuulfcsxj/SourcePackages/checkouts/app-check/AppCheckCore/Sources/Public -Xcc -I/Users/jacksonsweet/Library/Developer/Xcode/DerivedData/OPS-czavgtmnvamasvcjgszzuulfcsxj/SourcePackages/checkouts/AppAuth-iOS/Sources/AppAuthCore -Xcc -I/Users/jacksonsweet/Library/Developer/Xcode/DerivedData/OPS-czavgtmnvamasvcjgszzuulfcsxj/SourcePackages/checkouts/gtm-session-fetcher/Sources/Core/Public -Xcc -I/Users/jacksonsweet/Library/Developer/Xcode/DerivedData/OPS-czavgtmnvamasvcjgszzuulfcsxj/SourcePackages/checkouts/GoogleSignIn-iOS/GoogleSignIn/Sources/Public -Xcc -I/Users/jacksonsweet/Library/Developer/Xcode/DerivedData/OPS-czavgtmnvamasvcjgszzuulfcsxj/SourcePackages/checkouts/stripe-ios/Stripe3DS2/Stripe3DS2/include -Xcc -I/Users/jacksonsweet/Library/Developer/Xcode/DerivedData/OPS-czavgtmnvamasvcjgszzuulfcsxj/Build/Products/Debug-iphonesimulator/include -Xcc -I/Users/jacksonsweet/Library/Developer/Xcode/DerivedData/OPS-czavgtmnvamasvcjgszzuulfcsxj/Build/Intermediates.noindex/OPS.build/Debug-iphonesimulator/OPS.build/DerivedSources-normal/arm64 -Xcc -I/Users/jacksonsweet/Library/Developer/Xcode/DerivedData/OPS-czavgtmnvamasvcjgszzuulfcsxj/Build/Intermediates.noindex/OPS.build/Debug-iphonesimulator/OPS.build/DerivedSources/arm64 -Xcc -I/Users/jacksonsweet/Library/Developer/Xcode/DerivedData/OPS-czavgtmnvamasvcjgszzuulfcsxj/Build/Intermediates.noindex/OPS.build/Debug-iphonesimulator/OPS.build/DerivedSources -Xcc -DDEBUG\=1 -emit-objc-header -emit-objc-header-path /Users/jacksonsweet/Library/Developer/Xcode/DerivedData/OPS-czavgtmnvamasvcjgszzuulfcsxj/Build/Intermediates.noindex/OPS.build/Debug-iphonesimulator/OPS.build/Objects-normal/arm64/OPS-Swift.h -working-directory /Users/jacksonsweet/Desktop/OPS\ APP/OPS -experimental-emit-module-separately -disable-cmo

ProcessInfoPlistFile /Users/jacksonsweet/Library/Developer/Xcode/DerivedData/OPS-czavgtmnvamasvcjgszzuulfcsxj/Build/Products/Debug-iphonesimulator/OPS.app/Info.plist /Users/jacksonsweet/Desktop/OPS\ APP/OPS/OPS/Info.plist (in target 'OPS' from project 'OPS')
    cd /Users/jacksonsweet/Desktop/OPS\ APP/OPS
    builtin-infoPlistUtility /Users/jacksonsweet/Desktop/OPS\ APP/OPS/OPS/Info.plist -producttype com.apple.product-type.application -genpkginfo /Users/jacksonsweet/Library/Developer/Xcode/DerivedData/OPS-czavgtmnvamasvcjgszzuulfcsxj/Build/Products/Debug-iphonesimulator/OPS.app/PkgInfo -expandbuildsettings -format binary -platform iphonesimulator -additionalcontentfile /Users/jacksonsweet/Library/Developer/Xcode/DerivedData/OPS-czavgtmnvamasvcjgszzuulfcsxj/Build/Intermediates.noindex/OPS.build/Debug-iphonesimulator/OPS.build/LaunchScreen-SBPartialInfo.plist -additionalcontentfile /Users/jacksonsweet/Library/Developer/Xcode/DerivedData/OPS-czavgtmnvamasvcjgszzuulfcsxj/Build/Intermediates.noindex/OPS.build/Debug-iphonesimulator/OPS.build/assetcatalog_generated_info.plist -scanforprivacyfile /Users/jacksonsweet/Library/Developer/Xcode/DerivedData/OPS-czavgtmnvamasvcjgszzuulfcsxj/Build/Products/Debug-iphonesimulator/OPS.app/AppAuth_AppAuth.bundle -scanforprivacyfile /Users/jacksonsweet/Library/Developer/Xcode/DerivedData/OPS-czavgtmnvamasvcjgszzuulfcsxj/Build/Products/Debug-iphonesimulator/OPS.app/AppAuth_AppAuthCore.bundle -scanforprivacyfile /Users/jacksonsweet/Library/Developer/Xcode/DerivedData/OPS-czavgtmnvamasvcjgszzuulfcsxj/Build/Products/Debug-iphonesimulator/OPS.app/GTMAppAuth_GTMAppAuth.bundle -scanforprivacyfile /Users/jacksonsweet/Library/Developer/Xcode/DerivedData/OPS-czavgtmnvamasvcjgszzuulfcsxj/Build/Products/Debug-iphonesimulator/OPS.app/GTMSessionFetcher_GTMSessionFetcherCore.bundle -scanforprivacyfile /Users/jacksonsweet/Library/Developer/Xcode/DerivedData/OPS-czavgtmnvamasvcjgszzuulfcsxj/Build/Products/Debug-iphonesimulator/OPS.app/GoogleSignIn_GoogleSignIn.bundle -scanforprivacyfile /Users/jacksonsweet/Library/Developer/Xcode/DerivedData/OPS-czavgtmnvamasvcjgszzuulfcsxj/Build/Products/Debug-iphonesimulator/OPS.app/GoogleSignIn_GoogleSignInSwift.bundle -scanforprivacyfile /Users/jacksonsweet/Library/Developer/Xcode/DerivedData/OPS-czavgtmnvamasvcjgszzuulfcsxj/Build/Products/Debug-iphonesimulator/OPS.app/GoogleUtilities_GoogleUtilities-Environment.bundle -scanforprivacyfile /Users/jacksonsweet/Library/Developer/Xcode/DerivedData/OPS-czavgtmnvamasvcjgszzuulfcsxj/Build/Products/Debug-iphonesimulator/OPS.app/GoogleUtilities_GoogleUtilities-Logger.bundle -scanforprivacyfile /Users/jacksonsweet/Library/Developer/Xcode/DerivedData/OPS-czavgtmnvamasvcjgszzuulfcsxj/Build/Products/Debug-iphonesimulator/OPS.app/GoogleUtilities_GoogleUtilities-UserDefaults.bundle -scanforprivacyfile /Users/jacksonsweet/Library/Developer/Xcode/DerivedData/OPS-czavgtmnvamasvcjgszzuulfcsxj/Build/Products/Debug-iphonesimulator/OPS.app/Promises_FBLPromises.bundle -scanforprivacyfile /Users/jacksonsweet/Library/Developer/Xcode/DerivedData/OPS-czavgtmnvamasvcjgszzuulfcsxj/Build/Products/Debug-iphonesimulator/OPS.app/Stripe_Stripe.bundle -scanforprivacyfile /Users/jacksonsweet/Library/Developer/Xcode/DerivedData/OPS-czavgtmnvamasvcjgszzuulfcsxj/Build/Products/Debug-iphonesimulator/OPS.app/Stripe_Stripe3DS2.bundle -scanforprivacyfile /Users/jacksonsweet/Library/Developer/Xcode/DerivedData/OPS-czavgtmnvamasvcjgszzuulfcsxj/Build/Products/Debug-iphonesimulator/OPS.app/Stripe_StripeCardScan.bundle -scanforprivacyfile /Users/jacksonsweet/Library/Developer/Xcode/DerivedData/OPS-czavgtmnvamasvcjgszzuulfcsxj/Build/Products/Debug-iphonesimulator/OPS.app/Stripe_StripeConnect.bundle -scanforprivacyfile /Users/jacksonsweet/Library/Developer/Xcode/DerivedData/OPS-czavgtmnvamasvcjgszzuulfcsxj/Build/Products/Debug-iphonesimulator/OPS.app/Stripe_StripeCore.bundle -scanforprivacyfile /Users/jacksonsweet/Library/Developer/Xcode/DerivedData/OPS-czavgtmnvamasvcjgszzuulfcsxj/Build/Products/Debug-iphonesimulator/OPS.app/Stripe_StripeFinancialConnections.bundle -scanforprivacyfile /Users/jacksonsweet/Library/Developer/Xcode/DerivedData/OPS-czavgtmnvamasvcjgszzuulfcsxj/Build/Products/Debug-iphonesimulator/OPS.app/Stripe_StripeIdentity.bundle -scanforprivacyfile /Users/jacksonsweet/Library/Developer/Xcode/DerivedData/OPS-czavgtmnvamasvcjgszzuulfcsxj/Build/Products/Debug-iphonesimulator/OPS.app/Stripe_StripePaymentSheet.bundle -scanforprivacyfile /Users/jacksonsweet/Library/Developer/Xcode/DerivedData/OPS-czavgtmnvamasvcjgszzuulfcsxj/Build/Products/Debug-iphonesimulator/OPS.app/Stripe_StripePayments.bundle -scanforprivacyfile /Users/jacksonsweet/Library/Developer/Xcode/DerivedData/OPS-czavgtmnvamasvcjgszzuulfcsxj/Build/Products/Debug-iphonesimulator/OPS.app/Stripe_StripePaymentsUI.bundle -scanforprivacyfile /Users/jacksonsweet/Library/Developer/Xcode/DerivedData/OPS-czavgtmnvamasvcjgszzuulfcsxj/Build/Products/Debug-iphonesimulator/OPS.app/Stripe_StripeUICore.bundle -o /Users/jacksonsweet/Library/Developer/Xcode/DerivedData/OPS-czavgtmnvamasvcjgszzuulfcsxj/Build/Products/Debug-iphonesimulator/OPS.app/Info.plist

SwiftEmitModule normal arm64 Emitting\ module\ for\ OPS (in target 'OPS' from project 'OPS')

EmitSwiftModule normal arm64 (in target 'OPS' from project 'OPS')
    cd /Users/jacksonsweet/Desktop/OPS\ APP/OPS
    

SwiftCompile normal arm64 Compiling\ HomeContentView.swift /Users/jacksonsweet/Desktop/OPS\ APP/OPS/OPS/Views/Home/HomeContentView.swift (in target 'OPS' from project 'OPS')

SwiftCompile normal arm64 /Users/jacksonsweet/Desktop/OPS\ APP/OPS/OPS/Views/Home/HomeContentView.swift (in target 'OPS' from project 'OPS')
    cd /Users/jacksonsweet/Desktop/OPS\ APP/OPS
    
/Users/jacksonsweet/Desktop/OPS APP/OPS/OPS/Views/Home/HomeContentView.swift:115:37: warning: initialization of immutable value 'updatedStatus' was never used; consider replacing with assignment to '_' or removing it
                                let updatedStatus = try await dataController.apiService.startProject(id: project.id)
                                ~~~~^~~~~~~~~~~~~
                                _

SwiftCompile normal arm64 Compiling\ DataController.swift /Users/jacksonsweet/Desktop/OPS\ APP/OPS/OPS/Utilities/DataController.swift (in target 'OPS' from project 'OPS')

SwiftCompile normal arm64 /Users/jacksonsweet/Desktop/OPS\ APP/OPS/OPS/Utilities/DataController.swift (in target 'OPS' from project 'OPS')
    cd /Users/jacksonsweet/Desktop/OPS\ APP/OPS
    

SwiftCompile normal arm64 Compiling\ ProjectMapView.swift /Users/jacksonsweet/Desktop/OPS\ APP/OPS/OPS/Views/Components/Map/ProjectMapView.swift (in target 'OPS' from project 'OPS')
Failed frontend command:
/Applications/Xcode.app/Contents/Developer/Toolchains/XcodeDefault.xctoolchain/usr/bin/swift-frontend -frontend -c -filelist /Users/jacksonsweet/Library/Developer/Xcode/DerivedData/OPS-czavgtmnvamasvcjgszzuulfcsxj/Build/Intermediates.noindex/OPS.build/Debug-iphonesimulator/OPS.build/Objects-normal/arm64/sources-1 -primary-file /Users/jacksonsweet/Desktop/OPS\ APP/OPS/OPS/Views/Components/Map/ProjectMapView.swift -emit-dependencies-path /Users/jacksonsweet/Library/Developer/Xcode/DerivedData/OPS-czavgtmnvamasvcjgszzuulfcsxj/Build/Intermediates.noindex/OPS.build/Debug-iphonesimulator/OPS.build/Objects-normal/arm64/ProjectMapView.d -emit-const-values-path /Users/jacksonsweet/Library/Developer/Xcode/DerivedData/OPS-czavgtmnvamasvcjgszzuulfcsxj/Build/Intermediates.noindex/OPS.build/Debug-iphonesimulator/OPS.build/Objects-normal/arm64/ProjectMapView.swiftconstvalues -emit-reference-dependencies-path /Users/jacksonsweet/Library/Developer/Xcode/DerivedData/OPS-czavgtmnvamasvcjgszzuulfcsxj/Build/Intermediates.noindex/OPS.build/Debug-iphonesimulator/OPS.build/Objects-normal/arm64/ProjectMapView.swiftdeps -serialize-diagnostics-path /Users/jacksonsweet/Library/Developer/Xcode/DerivedData/OPS-czavgtmnvamasvcjgszzuulfcsxj/Build/Intermediates.noindex/OPS.build/Debug-iphonesimulator/OPS.build/Objects-normal/arm64/ProjectMapView.dia -emit-localized-strings -emit-localized-strings-path /Users/jacksonsweet/Library/Developer/Xcode/DerivedData/OPS-czavgtmnvamasvcjgszzuulfcsxj/Build/Intermediates.noindex/OPS.build/Debug-iphonesimulator/OPS.build/Objects-normal/arm64 -target arm64-apple-ios17.6-simulator -module-can-import-version DeveloperToolsSupport 23.0.4 23.0.4 -module-can-import-version SwiftUI 7.0.84.1 7.0.84 -module-can-import-version UIKit 9088.1.113 9088.1.113 -disable-cross-import-overlay-search -swift-module-cross-import AuthenticationServices /Applications/Xcode.app/Contents/Developer/Platforms/iPhoneSimulator.platform/Developer/SDKs/iPhoneSimulator.sdk/System/Cryptexes/OS/System/Library/Frameworks/AuthenticationServices.framework/Modules/AuthenticationServices.swiftcrossimport/SwiftUI.swiftoverlay -swift-module-cross-import AuthenticationServices /Applications/Xcode.app/Contents/Developer/Platforms/iPhoneSimulator.platform/Developer/SDKs/iPhoneSimulator26.0.sdk/System/Library/Frameworks/AuthenticationServices.framework/Modules/AuthenticationServices.swiftcrossimport/SwiftUI.swiftoverlay -swift-module-cross-import MapKit /Applications/Xcode.app/Contents/Developer/Platforms/iPhoneSimulator.platform/Developer/SDKs/iPhoneSimulator.sdk/System/Library/Frameworks/MapKit.framework/Modules/MapKit.swiftcrossimport/SwiftUI.swiftoverlay -swift-module-cross-import PassKit /Applications/Xcode.app/Contents/Developer/Platforms/iPhoneSimulator.platform/Developer/SDKs/iPhoneSimulator.sdk/System/Library/Frameworks/PassKit.framework/Modules/PassKit.swiftcrossimport/SwiftUI.swiftoverlay -swift-module-cross-import PhotosUI /Applications/Xcode.app/Contents/Developer/Platforms/iPhoneSimulator.platform/Developer/SDKs/iPhoneSimulator.sdk/System/Library/Frameworks/PhotosUI.framework/Modules/PhotosUI.swiftcrossimport/SwiftUI.swiftoverlay -swift-module-cross-import PhotosUI /Applications/Xcode.app/Contents/Developer/Platforms/iPhoneSimulator.platform/Developer/SDKs/iPhoneSimulator.sdk/System/Library/Frameworks/PhotosUI.framework/Modules/PhotosUI.swiftcrossimport/WidgetKit.swiftoverlay -swift-module-cross-import PhotosUI /Applications/Xcode.app/Contents/Developer/Platforms/iPhoneSimulator.platform/Developer/SDKs/iPhoneSimulator26.0.sdk/System/Library/Frameworks/PhotosUI.framework/Modules/PhotosUI.swiftcrossimport/SwiftUI.swiftoverlay -swift-module-cross-import PhotosUI /Applications/Xcode.app/Contents/Developer/Platforms/iPhoneSimulator.platform/Developer/SDKs/iPhoneSimulator26.0.sdk/System/Library/Frameworks/PhotosUI.framework/Modules/PhotosUI.swiftcrossimport/WidgetKit.swiftoverlay -swift-module-cross-import SwiftData /Applications/Xcode.app/Contents/Developer/Platforms/iPhoneSimulator.platform/Developer/SDKs/iPhoneSimulator26.0.sdk/System/Library/Frameworks/SwiftData.framework/Modules/SwiftData.swiftcrossimport/CoreData.swiftoverlay -swift-module-cross-import SwiftData /Applications/Xcode.app/Contents/Developer/Platforms/iPhoneSimulator.platform/Developer/SDKs/iPhoneSimulator26.0.sdk/System/Library/Frameworks/SwiftData.framework/Modules/SwiftData.swiftcrossimport/SwiftUI.swiftoverlay -load-resolved-plugin /Applications/Xcode.app/Contents/Developer/Platforms/iPhoneOS.platform/Developer/usr/lib/swift/host/plugins/libAppIntentsMacros.dylib\#/Applications/Xcode.app/Contents/Developer/Platforms/iPhoneOS.platform/Developer/usr/bin/swift-plugin-server\#AppIntentsMacros -load-resolved-plugin /Applications/Xcode.app/Contents/Developer/Platforms/iPhoneOS.platform/Developer/usr/lib/swift/host/plugins/libFoundationMacros.dylib\#/Applications/Xcode.app/Contents/Developer/Platforms/iPhoneOS.platform/Developer/usr/bin/swift-plugin-server\#FoundationMacros -load-resolved-plugin /Applications/Xcode.app/Contents/Developer/Platforms/iPhoneOS.platform/Developer/usr/lib/swift/host/plugins/libObservationMacros.dylib\#/Applications/Xcode.app/Contents/Developer/Platforms/iPhoneOS.platform/Developer/usr/bin/swift-plugin-server\#ObservationMacros -load-resolved-plugin /Applications/Xcode.app/Contents/Developer/Platforms/iPhoneOS.platform/Developer/usr/lib/swift/host/plugins/libPreviewsMacros.dylib\#/Applications/Xcode.app/Contents/Developer/Platforms/iPhoneOS.platform/Developer/usr/bin/swift-plugin-server\#PreviewsMacros -load-resolved-plugin /Applications/Xcode.app/Contents/Developer/Platforms/iPhoneOS.platform/Developer/usr/lib/swift/host/plugins/libSwiftDataMacros.dylib\#/Applications/Xcode.app/Contents/Developer/Platforms/iPhoneOS.platform/Developer/usr/bin/swift-plugin-server\#SwiftDataMacros -load-resolved-plugin /Applications/Xcode.app/Contents/Developer/Platforms/iPhoneOS.platform/Developer/usr/lib/swift/host/plugins/libSwiftMacros.dylib\#/Applications/Xcode.app/Contents/Developer/Platforms/iPhoneOS.platform/Developer/usr/bin/swift-plugin-server\#SwiftMacros -load-resolved-plugin /Applications/Xcode.app/Contents/Developer/Platforms/iPhoneOS.platform/Developer/usr/lib/swift/host/plugins/libSwiftUIMacros.dylib\#/Applications/Xcode.app/Contents/Developer/Platforms/iPhoneOS.platform/Developer/usr/bin/swift-plugin-server\#SwiftUIMacros -load-resolved-plugin /Applications/Xcode.app/Contents/Developer/Platforms/iPhoneOS.platform/Developer/usr/lib/swift/host/plugins/libTipKitMacros.dylib\#/Applications/Xcode.app/Contents/Developer/Platforms/iPhoneOS.platform/Developer/usr/bin/swift-plugin-server\#TipKitMacros -disable-implicit-swift-modules -Xcc -fno-implicit-modules -Xcc -fno-implicit-module-maps -explicit-swift-module-map-file /Users/jacksonsweet/Library/Developer/Xcode/DerivedData/OPS-czavgtmnvamasvcjgszzuulfcsxj/Build/Intermediates.noindex/OPS.build/Debug-iphonesimulator/OPS.build/Objects-normal/arm64/OPS-dependencies-1.json -Xllvm -aarch64-use-tbi -enable-objc-interop -sdk /Applications/Xcode.app/Contents/Developer/Platforms/iPhoneSimulator.platform/Developer/SDKs/iPhoneSimulator26.0.sdk -I /Users/jacksonsweet/Library/Developer/Xcode/DerivedData/OPS-czavgtmnvamasvcjgszzuulfcsxj/Build/Products/Debug-iphonesimulator -F /Users/jacksonsweet/Library/Developer/Xcode/DerivedData/OPS-czavgtmnvamasvcjgszzuulfcsxj/Build/Products/Debug-iphonesimulator/PackageFrameworks -F /Users/jacksonsweet/Library/Developer/Xcode/DerivedData/OPS-czavgtmnvamasvcjgszzuulfcsxj/Build/Products/Debug-iphonesimulator/PackageFrameworks -F /Users/jacksonsweet/Library/Developer/Xcode/DerivedData/OPS-czavgtmnvamasvcjgszzuulfcsxj/Build/Products/Debug-iphonesimulator/PackageFrameworks -F /Users/jacksonsweet/Library/Developer/Xcode/DerivedData/OPS-czavgtmnvamasvcjgszzuulfcsxj/Build/Products/Debug-iphonesimulator/PackageFrameworks -F /Users/jacksonsweet/Library/Developer/Xcode/DerivedData/OPS-czavgtmnvamasvcjgszzuulfcsxj/Build/Products/Debug-iphonesimulator/PackageFrameworks -F /Users/jacksonsweet/Library/Developer/Xcode/DerivedData/OPS-czavgtmnvamasvcjgszzuulfcsxj/Build/Products/Debug-iphonesimulator/PackageFrameworks -F /Users/jacksonsweet/Library/Developer/Xcode/DerivedData/OPS-czavgtmnvamasvcjgszzuulfcsxj/Build/Products/Debug-iphonesimulator/PackageFrameworks -F /Users/jacksonsweet/Library/Developer/Xcode/DerivedData/OPS-czavgtmnvamasvcjgszzuulfcsxj/Build/Products/Debug-iphonesimulator/PackageFrameworks -F /Users/jacksonsweet/Library/Developer/Xcode/DerivedData/OPS-czavgtmnvamasvcjgszzuulfcsxj/Build/Products/Debug-iphonesimulator/PackageFrameworks -F /Users/jacksonsweet/Library/Developer/Xcode/DerivedData/OPS-czavgtmnvamasvcjgszzuulfcsxj/Build/Products/Debug-iphonesimulator/PackageFrameworks -F /Users/jacksonsweet/Library/Developer/Xcode/DerivedData/OPS-czavgtmnvamasvcjgszzuulfcsxj/Build/Products/Debug-iphonesimulator/PackageFrameworks -F /Users/jacksonsweet/Library/Developer/Xcode/DerivedData/OPS-czavgtmnvamasvcjgszzuulfcsxj/Build/Products/Debug-iphonesimulator/PackageFrameworks -F /Users/jacksonsweet/Library/Developer/Xcode/DerivedData/OPS-czavgtmnvamasvcjgszzuulfcsxj/Build/Products/Debug-iphonesimulator/PackageFrameworks -F /Users/jacksonsweet/Library/Developer/Xcode/DerivedData/OPS-czavgtmnvamasvcjgszzuulfcsxj/Build/Products/Debug-iphonesimulator/PackageFrameworks -F /Users/jacksonsweet/Library/Developer/Xcode/DerivedData/OPS-czavgtmnvamasvcjgszzuulfcsxj/Build/Products/Debug-iphonesimulator/PackageFrameworks -F /Users/jacksonsweet/Library/Developer/Xcode/DerivedData/OPS-czavgtmnvamasvcjgszzuulfcsxj/Build/Products/Debug-iphonesimulator/PackageFrameworks -F /Users/jacksonsweet/Library/Developer/Xcode/DerivedData/OPS-czavgtmnvamasvcjgszzuulfcsxj/Build/Products/Debug-iphonesimulator/PackageFrameworks -F /Users/jacksonsweet/Library/Developer/Xcode/DerivedData/OPS-czavgtmnvamasvcjgszzuulfcsxj/Build/Products/Debug-iphonesimulator/PackageFrameworks -F /Users/jacksonsweet/Library/Developer/Xcode/DerivedData/OPS-czavgtmnvamasvcjgszzuulfcsxj/Build/Products/Debug-iphonesimulator/PackageFrameworks -F /Users/jacksonsweet/Library/Developer/Xcode/DerivedData/OPS-czavgtmnvamasvcjgszzuulfcsxj/Build/Products/Debug-iphonesimulator/PackageFrameworks -F /Users/jacksonsweet/Library/Developer/Xcode/DerivedData/OPS-czavgtmnvamasvcjgszzuulfcsxj/Build/Products/Debug-iphonesimulator/PackageFrameworks -F /Users/jacksonsweet/Library/Developer/Xcode/DerivedData/OPS-czavgtmnvamasvcjgszzuulfcsxj/Build/Products/Debug-iphonesimulator/PackageFrameworks -F /Users/jacksonsweet/Library/Developer/Xcode/DerivedData/OPS-czavgtmnvamasvcjgszzuulfcsxj/Build/Products/Debug-iphonesimulator/PackageFrameworks -F /Users/jacksonsweet/Library/Developer/Xcode/DerivedData/OPS-czavgtmnvamasvcjgszzuulfcsxj/Build/Products/Debug-iphonesimulator/PackageFrameworks -F /Users/jacksonsweet/Library/Developer/Xcode/DerivedData/OPS-czavgtmnvamasvcjgszzuulfcsxj/Build/Products/Debug-iphonesimulator/PackageFrameworks -F /Users/jacksonsweet/Library/Developer/Xcode/DerivedData/OPS-czavgtmnvamasvcjgszzuulfcsxj/Build/Products/Debug-iphonesimulator -no-color-diagnostics -Xcc -fno-color-diagnostics -enable-testing -g -debug-info-format\=dwarf -dwarf-version\=4 -module-cache-path /Users/jacksonsweet/Library/Developer/Xcode/DerivedData/OPS-czavgtmnvamasvcjgszzuulfcsxj/Build/Intermediates.noindex/SwiftExplicitPrecompiledModules -profile-generate -profile-coverage-mapping -swift-version 5 -enforce-exclusivity\=checked -Onone -D DEBUG -serialize-debugging-options -const-gather-protocols-file /Users/jacksonsweet/Library/Developer/Xcode/DerivedData/OPS-czavgtmnvamasvcjgszzuulfcsxj/Build/Intermediates.noindex/OPS.build/Debug-iphonesimulator/OPS.build/Objects-normal/arm64/OPS_const_extract_protocols.json -enable-experimental-feature DebugDescriptionMacro -enable-bare-slash-regex -empty-abi-descriptor -validate-clang-modules-once -clang-build-session-file /Users/jacksonsweet/Library/Developer/Xcode/DerivedData/ModuleCache.noindex/Session.modulevalidation -Xcc -working-directory -Xcc /Users/jacksonsweet/Desktop/OPS\ APP/OPS -enable-anonymous-context-mangled-names -file-compilation-dir /Users/jacksonsweet/Desktop/OPS\ APP/OPS -Xcc -fmodule-map-file\=/Users/jacksonsweet/Library/Developer/Xcode/DerivedData/OPS-czavgtmnvamasvcjgszzuulfcsxj/Build/Intermediates.noindex/GeneratedModuleMaps-iphonesimulator/AppAuth.modulemap -Xcc -fmodule-map-file\=/Users/jacksonsweet/Library/Developer/Xcode/DerivedData/OPS-czavgtmnvamasvcjgszzuulfcsxj/Build/Intermediates.noindex/GeneratedModuleMaps-iphonesimulator/GoogleUtilities-Logger.modulemap -Xcc -fmodule-map-file\=/Users/jacksonsweet/Library/Developer/Xcode/DerivedData/OPS-czavgtmnvamasvcjgszzuulfcsxj/Build/Intermediates.noindex/GeneratedModuleMaps-iphonesimulator/GoogleUtilities-Environment.modulemap -Xcc -fmodule-map-file\=/Users/jacksonsweet/Library/Developer/Xcode/DerivedData/OPS-czavgtmnvamasvcjgszzuulfcsxj/Build/Intermediates.noindex/GeneratedModuleMaps-iphonesimulator/third-party-IsAppEncrypted.modulemap -Xcc -fmodule-map-file\=/Users/jacksonsweet/Library/Developer/Xcode/DerivedData/OPS-czavgtmnvamasvcjgszzuulfcsxj/Build/Intermediates.noindex/GeneratedModuleMaps-iphonesimulator/GoogleUtilities-UserDefaults.modulemap -Xcc -fmodule-map-file\=/Users/jacksonsweet/Library/Developer/Xcode/DerivedData/OPS-czavgtmnvamasvcjgszzuulfcsxj/Build/Intermediates.noindex/GeneratedModuleMaps-iphonesimulator/AppCheckCore.modulemap -Xcc -fmodule-map-file\=/Users/jacksonsweet/Library/Developer/Xcode/DerivedData/OPS-czavgtmnvamasvcjgszzuulfcsxj/Build/Intermediates.noindex/GeneratedModuleMaps-iphonesimulator/AppAuthCore.modulemap -Xcc -fmodule-map-file\=/Users/jacksonsweet/Library/Developer/Xcode/DerivedData/OPS-czavgtmnvamasvcjgszzuulfcsxj/Build/Intermediates.noindex/GeneratedModuleMaps-iphonesimulator/GTMSessionFetcherCore.modulemap -Xcc -fmodule-map-file\=/Users/jacksonsweet/Library/Developer/Xcode/DerivedData/OPS-czavgtmnvamasvcjgszzuulfcsxj/Build/Intermediates.noindex/GeneratedModuleMaps-iphonesimulator/GoogleSignIn.modulemap -Xcc -fmodule-map-file\=/Users/jacksonsweet/Library/Developer/Xcode/DerivedData/OPS-czavgtmnvamasvcjgszzuulfcsxj/Build/Intermediates.noindex/GeneratedModuleMaps-iphonesimulator/Stripe3DS2.modulemap -Xcc -D_LIBCPP_HARDENING_MODE\=_LIBCPP_HARDENING_MODE_DEBUG -Xcc -ivfsstatcache -Xcc /Users/jacksonsweet/Library/Developer/Xcode/DerivedData/SDKStatCaches.noindex/iphonesimulator26.0-23A339-26257891a6c027eb51374368541b8346.sdkstatcache -Xcc -I/Users/jacksonsweet/Library/Developer/Xcode/DerivedData/OPS-czavgtmnvamasvcjgszzuulfcsxj/Build/Intermediates.noindex/OPS.build/Debug-iphonesimulator/OPS.build/swift-overrides.hmap -Xcc -iquote -Xcc /Users/jacksonsweet/Library/Developer/Xcode/DerivedData/OPS-czavgtmnvamasvcjgszzuulfcsxj/Build/Intermediates.noindex/OPS.build/Debug-iphonesimulator/OPS.build/OPS-generated-files.hmap -Xcc -I/Users/jacksonsweet/Library/Developer/Xcode/DerivedData/OPS-czavgtmnvamasvcjgszzuulfcsxj/Build/Intermediates.noindex/OPS.build/Debug-iphonesimulator/OPS.build/OPS-own-target-headers.hmap -Xcc -I/Users/jacksonsweet/Library/Developer/Xcode/DerivedData/OPS-czavgtmnvamasvcjgszzuulfcsxj/Build/Intermediates.noindex/OPS.build/Debug-iphonesimulator/OPS.build/OPS-all-non-framework-target-headers.hmap -Xcc -ivfsoverlay -Xcc /Users/jacksonsweet/Library/Developer/Xcode/DerivedData/OPS-czavgtmnvamasvcjgszzuulfcsxj/Build/Intermediates.noindex/OPS.build/Debug-iphonesimulator/OPS-c3cc2abb764fabbf8cef7b77dc6f4524-VFS-iphonesimulator/all-product-headers.yaml -Xcc -iquote -Xcc /Users/jacksonsweet/Library/Developer/Xcode/DerivedData/OPS-czavgtmnvamasvcjgszzuulfcsxj/Build/Intermediates.noindex/OPS.build/Debug-iphonesimulator/OPS.build/OPS-project-headers.hmap -Xcc -I/Users/jacksonsweet/Library/Developer/Xcode/DerivedData/OPS-czavgtmnvamasvcjgszzuulfcsxj/SourcePackages/checkouts/AppAuth-iOS/Sources/AppAuth -Xcc -I/Users/jacksonsweet/Library/Developer/Xcode/DerivedData/OPS-czavgtmnvamasvcjgszzuulfcsxj/SourcePackages/checkouts/promises/Sources/FBLPromises/include -Xcc -I/Users/jacksonsweet/Library/Developer/Xcode/DerivedData/OPS-czavgtmnvamasvcjgszzuulfcsxj/SourcePackages/checkouts/GoogleUtilities/GoogleUtilities/Logger/Public -Xcc -I/Users/jacksonsweet/Library/Developer/Xcode/DerivedData/OPS-czavgtmnvamasvcjgszzuulfcsxj/SourcePackages/checkouts/GoogleUtilities/GoogleUtilities/Environment/Public -Xcc -I/Users/jacksonsweet/Library/Developer/Xcode/DerivedData/OPS-czavgtmnvamasvcjgszzuulfcsxj/SourcePackages/checkouts/GoogleUtilities/third_party/IsAppEncrypted/Public -Xcc -I/Users/jacksonsweet/Library/Developer/Xcode/DerivedData/OPS-czavgtmnvamasvcjgszzuulfcsxj/SourcePackages/checkouts/GoogleUtilities/GoogleUtilities/UserDefaults/Public -Xcc -I/Users/jacksonsweet/Library/Developer/Xcode/DerivedData/OPS-czavgtmnvamasvcjgszzuulfcsxj/SourcePackages/checkouts/app-check/AppCheckCore/Sources/Public -Xcc -I/Users/jacksonsweet/Library/Developer/Xcode/DerivedData/OPS-czavgtmnvamasvcjgszzuulfcsxj/SourcePackages/checkouts/AppAuth-iOS/Sources/AppAuthCore -Xcc -I/Users/jacksonsweet/Library/Developer/Xcode/DerivedData/OPS-czavgtmnvamasvcjgszzuulfcsxj/SourcePackages/checkouts/gtm-session-fetcher/Sources/Core/Public -Xcc -I/Users/jacksonsweet/Library/Developer/Xcode/DerivedData/OPS-czavgtmnvamasvcjgszzuulfcsxj/SourcePackages/checkouts/GoogleSignIn-iOS/GoogleSignIn/Sources/Public -Xcc -I/Users/jacksonsweet/Library/Developer/Xcode/DerivedData/OPS-czavgtmnvamasvcjgszzuulfcsxj/SourcePackages/checkouts/stripe-ios/Stripe3DS2/Stripe3DS2/include -Xcc -I/Users/jacksonsweet/Library/Developer/Xcode/DerivedData/OPS-czavgtmnvamasvcjgszzuulfcsxj/Build/Products/Debug-iphonesimulator/include -Xcc -I/Users/jacksonsweet/Library/Developer/Xcode/DerivedData/OPS-czavgtmnvamasvcjgszzuulfcsxj/Build/Intermediates.noindex/OPS.build/Debug-iphonesimulator/OPS.build/DerivedSources-normal/arm64 -Xcc -I/Users/jacksonsweet/Library/Developer/Xcode/DerivedData/OPS-czavgtmnvamasvcjgszzuulfcsxj/Build/Intermediates.noindex/OPS.build/Debug-iphonesimulator/OPS.build/DerivedSources/arm64 -Xcc -I/Users/jacksonsweet/Library/Developer/Xcode/DerivedData/OPS-czavgtmnvamasvcjgszzuulfcsxj/Build/Intermediates.noindex/OPS.build/Debug-iphonesimulator/OPS.build/DerivedSources -Xcc -DDEBUG\=1 -no-auto-bridging-header-chaining -module-name OPS -frontend-parseable-output -disable-clang-spi -target-sdk-version 26.0 -target-sdk-name iphonesimulator26.0 -clang-target arm64-apple-ios26.0-simulator -in-process-plugin-server-path /Applications/Xcode.app/Contents/Developer/Toolchains/XcodeDefault.xctoolchain/usr/lib/swift/host/libSwiftInProcPluginServer.dylib -o /Users/jacksonsweet/Library/Developer/Xcode/DerivedData/OPS-czavgtmnvamasvcjgszzuulfcsxj/Build/Intermediates.noindex/OPS.build/Debug-iphonesimulator/OPS.build/Objects-normal/arm64/ProjectMapView.o -index-unit-output-path /OPS.build/Debug-iphonesimulator/OPS.build/Objects-normal/arm64/ProjectMapView.o -index-store-path /Users/jacksonsweet/Library/Developer/Xcode/DerivedData/OPS-czavgtmnvamasvcjgszzuulfcsxj/Index.noindex/DataStore -index-system-modules

SwiftCompile normal arm64 /Users/jacksonsweet/Desktop/OPS\ APP/OPS/OPS/Views/Components/Map/ProjectMapView.swift (in target 'OPS' from project 'OPS')
    cd /Users/jacksonsweet/Desktop/OPS\ APP/OPS
    
/Users/jacksonsweet/Desktop/OPS APP/OPS/OPS/Views/Components/Map/ProjectMapView.swift:155:20: warning: value 'userLoc' was defined but never used; consider replacing with boolean test
            if let userLoc = locationManager.userLocation {
               ~~~~^~~~~~~~~~
                                                          != nil
/Users/jacksonsweet/Desktop/OPS APP/OPS/OPS/Views/Components/Map/ProjectMapView.swift:165:24: warning: value 'userLoc' was defined but never used; consider replacing with boolean test
                if let userLoc = locationManager.userLocation {
                   ~~~~^~~~~~~~~~
                                                              != nil
/Users/jacksonsweet/Desktop/OPS APP/OPS/OPS/Views/Components/Map/ProjectMapView.swift:202:28: warning: value 'userLoc' was defined but never used; consider replacing with boolean test
                    if let userLoc = locationManager.userLocation {
                       ~~~~^~~~~~~~~~
                                                                  != nil
/Users/jacksonsweet/Desktop/OPS APP/OPS/OPS/Views/Components/Map/ProjectMapView.swift:226:20: warning: immutable value 'userLoc' was never used; consider replacing with '_' or removing it
            if let userLoc = locationManager.userLocation, !projects.isEmpty, !hasIncludedUserLocationInInitialRegion {
               ~~~~^~~~~~~
               _
/Users/jacksonsweet/Desktop/OPS APP/OPS/OPS/Views/Components/Map/ProjectMapView.swift:407:17: warning: variable 'coordinates' was never used; consider replacing with '_' or removing it
            var coordinates: [CLLocationCoordinate2D] = [userLocation, projectCoordinate]
                ^~~~~~~~~~~
                _
/Users/jacksonsweet/Desktop/OPS APP/OPS/OPS/Views/Components/Map/ProjectMapView.swift:469:81: error: value of type 'Project' has no member 'name'
                print("[MAP] ✅ allProjectsRegion: INCLUDING project \(project.name)")
/Users/jacksonsweet/Desktop/OPS APP/OPS/OPS/Views/Components/Map/ProjectMapView.swift:663:17: warning: initialization of immutable value 'isRouting' was never used; consider replacing with assignment to '_' or removing it
            let isRouting = InProgressManager.shared.isRouting
            ~~~~^~~~~~~~~
            _

SwiftCompile normal arm64 Compiling\ ContentView.swift /Users/jacksonsweet/Desktop/OPS\ APP/OPS/OPS/ContentView.swift (in target 'OPS' from project 'OPS')

SwiftCompile normal arm64 /Users/jacksonsweet/Desktop/OPS\ APP/OPS/OPS/ContentView.swift (in target 'OPS' from project 'OPS')
    cd /Users/jacksonsweet/Desktop/OPS\ APP/OPS
    
/Users/jacksonsweet/Desktop/OPS APP/OPS/OPS/ContentView.swift:52:17: warning: initialization of immutable value 'isAuthAlreadySet' was never used; consider replacing with assignment to '_' or removing it
            let isAuthAlreadySet = dataController.isAuthenticated
            ~~~~^~~~~~~~~~~~~~~~
            _
/Users/jacksonsweet/Desktop/OPS APP/OPS/OPS/ContentView.swift:54:17: warning: initialization of immutable value 'isAuthenticatedInDefaults' was never used; consider replacing with assignment to '_' or removing it
            let isAuthenticatedInDefaults = UserDefaults.standard.bool(forKey: "is_authenticated")
            ~~~~^~~~~~~~~~~~~~~~~~~~~~~~~
            _
/Users/jacksonsweet/Desktop/OPS APP/OPS/OPS/ContentView.swift:55:17: warning: initialization of immutable value 'onboardingCompleted' was never used; consider replacing with assignment to '_' or removing it
            let onboardingCompleted = UserDefaults.standard.bool(forKey: "onboarding_completed")
            ~~~~^~~~~~~~~~~~~~~~~~~
            _
/Users/jacksonsweet/Desktop/OPS APP/OPS/OPS/ContentView.swift:61:21: warning: initialization of immutable value 'finalAuthState' was never used; consider replacing with assignment to '_' or removing it
                let finalAuthState = dataController.isAuthenticated
                ~~~~^~~~~~~~~~~~~~
                _

SwiftDriverJobDiscovery normal arm64 Compiling ContentView.swift (in target 'OPS' from project 'OPS')

SwiftDriverJobDiscovery normal arm64 Compiling HomeContentView.swift (in target 'OPS' from project 'OPS')

** BUILD FAILED **


The following build commands failed:
	SwiftCompile normal arm64 Compiling\ ProjectMapView.swift /Users/jacksonsweet/Desktop/OPS\ APP/OPS/OPS/Views/Components/Map/ProjectMapView.swift (in target 'OPS' from project 'OPS')
	SwiftCompile normal arm64 /Users/jacksonsweet/Desktop/OPS\ APP/OPS/OPS/Views/Components/Map/ProjectMapView.swift (in target 'OPS' from project 'OPS')
	Building project OPS with scheme OPS
(3 failures)
